#
# A fatal error has been detected by the Java Runtime Environment:
#
#  SIGSEGV (0xb) at pc=0x00007f3816ab9950, pid=2988910, tid=2988911
#
# JRE version: OpenJDK Runtime Environment (11.0.19) (build 11.0.19-internal+0-adhoc.ivzap.jdk11u)
# Java VM: OpenJDK 64-Bit Server VM (11.0.19-internal+0-adhoc.ivzap.jdk11u, mixed mode, tiered, compressed oops, g1 gc, linux-amd64)
# Problematic frame:
# V  [libjvm.so+0xdd6950]  Universe::MARK(_jobject*)+0x50
#
# Core dump will be written. Default location: Core dumps may be processed with "/usr/share/apport/apport -p%p -s%s -c%c -d%d -P%P -u%u -g%g -- %E" (or dumping to /home/ugrads/i/ivzap/documents/JDK_Research/jdk11u/core.2988910)
#
# If you would like to submit a bug report, please visit:
#   https://bugreport.java.com/bugreport/crash.jsp
#

---------------  S U M M A R Y ------------

Command Line: --add-modules=ALL-DEFAULT jdk.compiler/com.sun.tools.javac.launcher.Main test.java

Host: 12th Gen Intel(R) Core(TM) i7-12700, 20 cores, 15G, Ubuntu 20.04.5 LTS
Time: Fri Mar 31 16:17:46 2023 CDT elapsed time: 0.398992 seconds (0d 0h 0m 0s)

---------------  T H R E A D  ---------------

Current thread (0x00007f3810027000):  JavaThread "main" [_thread_in_vm, id=2988911, stack(0x00007f3815a93000,0x00007f3815b94000)]

Stack: [0x00007f3815a93000,0x00007f3815b94000],  sp=0x00007f3815b92010,  free space=1020k
Native frames: (J=compiled Java code, A=aot compiled Java code, j=interpreted, Vv=VM code, C=native code)
V  [libjvm.so+0xdd6950]  Universe::MARK(_jobject*)+0x50
V  [libjvm.so+0x94baf7]  MARK+0x37
j  java.lang.Runtime.mark(Ljava/lang/Object;)V+0 java.base
j  java.lang.System.mark(Ljava/lang/Object;)V+4 java.base
j  test.main([Ljava/lang/String;)V+61
v  ~StubRoutines::call_stub
V  [libjvm.so+0x8a0984]  JavaCalls::call_helper(JavaValue*, methodHandle const&, JavaCallArguments*, Thread*)+0x324
V  [libjvm.so+0xcb3801]  invoke(InstanceKlass*, methodHandle const&, Handle, bool, objArrayHandle, BasicType, objArrayHandle, bool, Thread*) [clone .constprop.0]+0x961
V  [libjvm.so+0xcb4114]  Reflection::invoke_method(oopDesc*, Handle, objArrayHandle, Thread*)+0x104
V  [libjvm.so+0x956930]  JVM_InvokeMethod+0x140
j  jdk.internal.reflect.NativeMethodAccessorImpl.invoke0(Ljava/lang/reflect/Method;Ljava/lang/Object;[Ljava/lang/Object;)Ljava/lang/Object;+0 java.base
j  jdk.internal.reflect.NativeMethodAccessorImpl.invoke(Ljava/lang/Object;[Ljava/lang/Object;)Ljava/lang/Object;+100 java.base
j  jdk.internal.reflect.DelegatingMethodAccessorImpl.invoke(Ljava/lang/Object;[Ljava/lang/Object;)Ljava/lang/Object;+6 java.base
j  java.lang.reflect.Method.invoke(Ljava/lang/Object;[Ljava/lang/Object;)Ljava/lang/Object;+59 java.base
j  com.sun.tools.javac.launcher.Main.execute(Ljava/lang/String;[Ljava/lang/String;Lcom/sun/tools/javac/launcher/Main$Context;)V+134 jdk.compiler
j  com.sun.tools.javac.launcher.Main.run([Ljava/lang/String;[Ljava/lang/String;)V+48 jdk.compiler
j  com.sun.tools.javac.launcher.Main.main([Ljava/lang/String;)V+14 jdk.compiler
v  ~StubRoutines::call_stub
V  [libjvm.so+0x8a0984]  JavaCalls::call_helper(JavaValue*, methodHandle const&, JavaCallArguments*, Thread*)+0x324
V  [libjvm.so+0x91d6cd]  jni_invoke_static(JNIEnv_*, JavaValue*, _jobject*, JNICallType, _jmethodID*, JNI_ArgumentPusher*, Thread*) [clone .isra.0] [clone .constprop.0]+0x1fd
V  [libjvm.so+0x91fdf0]  jni_CallStaticVoidMethod+0x160
C  [libjli.so+0x5c2a]  JavaMain+0xd5a
C  [libjli.so+0x9ead]  ThreadJavaMain+0xd

Java frames: (J=compiled Java code, j=interpreted, Vv=VM code)
j  java.lang.Runtime.mark(Ljava/lang/Object;)V+0 java.base
j  java.lang.System.mark(Ljava/lang/Object;)V+4 java.base
j  test.main([Ljava/lang/String;)V+61
v  ~StubRoutines::call_stub
j  jdk.internal.reflect.NativeMethodAccessorImpl.invoke0(Ljava/lang/reflect/Method;Ljava/lang/Object;[Ljava/lang/Object;)Ljava/lang/Object;+0 java.base
j  jdk.internal.reflect.NativeMethodAccessorImpl.invoke(Ljava/lang/Object;[Ljava/lang/Object;)Ljava/lang/Object;+100 java.base
j  jdk.internal.reflect.DelegatingMethodAccessorImpl.invoke(Ljava/lang/Object;[Ljava/lang/Object;)Ljava/lang/Object;+6 java.base
j  java.lang.reflect.Method.invoke(Ljava/lang/Object;[Ljava/lang/Object;)Ljava/lang/Object;+59 java.base
j  com.sun.tools.javac.launcher.Main.execute(Ljava/lang/String;[Ljava/lang/String;Lcom/sun/tools/javac/launcher/Main$Context;)V+134 jdk.compiler
j  com.sun.tools.javac.launcher.Main.run([Ljava/lang/String;[Ljava/lang/String;)V+48 jdk.compiler
j  com.sun.tools.javac.launcher.Main.main([Ljava/lang/String;)V+14 jdk.compiler
v  ~StubRoutines::call_stub

siginfo: si_signo: 11 (SIGSEGV), si_code: 2 (SEGV_ACCERR), si_addr: 0x000000081874eb08

Register to memory mapping:

RAX=0x0000000000000001 is an unknown value
RBX=0x00007f3810027000 is a thread
RCX=0x0 is NULL
RDX=0x00007f3816f54760: <offset 0x0000000001271760> in /home/ugrads/i/ivzap/documents/JDK_Research/jdk11u/build/linux-x86_64-normal-server-release/jdk/lib/server/libjvm.so at 0x00007f3815ce3000
RSP=0x00007f3815b92010 is pointing into the stack for thread: 0x00007f3810027000
RBP=0x00007f3815b92020 is pointing into the stack for thread: 0x00007f3810027000
RSI=0x00007f3816ca525d: <offset 0x0000000000fc225d> in /home/ugrads/i/ivzap/documents/JDK_Research/jdk11u/build/linux-x86_64-normal-server-release/jdk/lib/server/libjvm.so at 0x00007f3815ce3000
RDI=0x000000081874eb00 is an unknown value
R8 =0x000000000000000d is an unknown value
R9 =0x000055d3de3fc000 points into unknown readable memory: 0x0000000000000002 | 02 00 00 00 00 00 00 00
R10=0x00007f380100f9e1 is at code_begin+897 in an Interpreter codelet
method entry point (kind = native)  [0x00007f380100f660, 0x00007f380100ffe0]  2432 bytes
R11=0x0000000000000246 is an unknown value
R12=0x00007f3816fe7fe0: <offset 0x0000000001304fe0> in /home/ugrads/i/ivzap/documents/JDK_Research/jdk11u/build/linux-x86_64-normal-server-release/jdk/lib/server/libjvm.so at 0x00007f3815ce3000
R13=0x00007f3815b920d8 is pointing into the stack for thread: 0x00007f3810027000
R14=0x00007f3815b920e0 is pointing into the stack for thread: 0x00007f3810027000
R15=0x00007f3810027000 is a thread


Registers:
RAX=0x0000000000000001, RBX=0x00007f3810027000, RCX=0x0000000000000000, RDX=0x00007f3816f54760
RSP=0x00007f3815b92010, RBP=0x00007f3815b92020, RSI=0x00007f3816ca525d, RDI=0x000000081874eb00
R8 =0x000000000000000d, R9 =0x000055d3de3fc000, R10=0x00007f380100f9e1, R11=0x0000000000000246
R12=0x00007f3816fe7fe0, R13=0x00007f3815b920d8, R14=0x00007f3815b920e0, R15=0x00007f3810027000
RIP=0x00007f3816ab9950, EFLAGS=0x0000000000010206, CSGSFS=0x002b000000000033, ERR=0x0000000000000004
  TRAPNO=0x000000000000000e

Top of Stack: (sp=0x00007f3815b92010)
0x00007f3815b92010:   00007f3815b920d8 00007f37ec92d5d0
0x00007f3815b92020:   00007f3815b92050 00007f381662eaf7
0x00007f3815b92030:   0000000000000000 00007f37ec92d5d0
0x00007f3815b92040:   0000000000000000 00007f37ec92d5d0 

Instructions: (pc=0x00007f3816ab9950)
0x00007f3816ab9850:   a9 ff 4c 89 e2 4c 89 ef 31 f6 e8 a1 b6 c8 ff 48
0x00007f3816ab9860:   83 c4 20 41 5c 41 5d 5d c3 90 66 0f 1f 44 00 00
0x00007f3816ab9870:   55 48 89 e5 41 55 41 54 53 48 83 ec 18 48 8b 9f
0x00007f3816ab9880:   80 00 00 00 48 85 db 74 2c 49 89 f4 4c 8d 6d d0
0x00007f3816ab9890:   48 89 df e8 68 5f c8 ff 31 f6 4c 89 ef 48 89 55
0x00007f3816ab98a0:   d8 4c 89 e2 48 89 45 d0 e8 93 ab c8 ff 49 83 7c
0x00007f3816ab98b0:   24 08 00 74 0b 48 83 c4 18 5b 41 5c 41 5d 5d c3
0x00007f3816ab98c0:   8b 43 08 85 c0 7e 13 4c 89 e6 48 89 df e8 9e ff
0x00007f3816ab98d0:   ff ff 49 83 7c 24 08 00 75 db 48 8b 9b 88 00 00
0x00007f3816ab98e0:   00 48 85 db 75 aa 48 83 c4 18 5b 41 5c 41 5d 5d
0x00007f3816ab98f0:   c3 90 66 66 2e 0f 1f 84 00 00 00 00 00 0f 1f 00
0x00007f3816ab9900:   f3 0f 1e fa 55 ba 0d 00 00 00 48 8d 35 3f b9 1e
0x00007f3816ab9910:   00 48 89 e5 41 55 49 89 fd 41 54 4c 8d 25 be e6
0x00007f3816ab9920:   52 00 4c 89 e7 e8 36 b3 12 00 48 8d 05 bb aa 4e
0x00007f3816ab9930:   00 0f b6 00 84 c0 0f 84 24 01 00 00 41 8b 7d 08
0x00007f3816ab9940:   8b 0d 52 d9 4b 00 48 d3 e7 48 03 3d 40 d9 4b 00
0x00007f3816ab9950:   8b 4f 08 85 c9 0f 8e b5 00 00 00 f6 c1 01 74 70
0x00007f3816ab9960:   48 8b 07 4c 89 ee ff 90 10 01 00 00 89 c6 4c 89
0x00007f3816ab9970:   e7 e8 1a bb 12 00 ba 06 00 00 00 48 8d 35 a3 b6
0x00007f3816ab9980:   15 00 49 89 c4 48 89 c7 e8 d3 b2 12 00 49 8b 04
0x00007f3816ab9990:   24 48 8b 40 e8 4d 8b ac 04 f0 00 00 00 4d 85 ed
0x00007f3816ab99a0:   0f 84 c3 00 00 00 41 80 7d 38 00 74 33 41 0f be
0x00007f3816ab99b0:   75 43 4c 89 e7 e8 26 ae 12 00 41 5c 41 5d 48 89
0x00007f3816ab99c0:   c7 5d e9 99 a3 12 00 66 0f 1f 84 00 00 00 00 00
0x00007f3816ab99d0:   c1 f9 03 89 ce eb 97 66 0f 1f 84 00 00 00 00 00
0x00007f3816ab99e0:   4c 89 ef e8 b8 8f 0d 00 49 8b 45 00 be 0a 00 00
0x00007f3816ab99f0:   00 48 8b 40 30 48 3b 05 b4 d2 49 00 74 b4 4c 89
0x00007f3816ab9a00:   ef ff d0 0f be f0 eb aa 0f 1f 84 00 00 00 00 00
0x00007f3816ab9a10:   0f 84 4a ff ff ff 3c 01 48 8d 05 8d 2a 4a 00 89
0x00007f3816ab9a20:   ca 48 19 f6 c1 fa 10 8b 00 83 e6 0c 0f b6 d2 49
0x00007f3816ab9a30:   63 74 35 0c 8d 78 ff f7 d8 48 63 ff 48 d3 e6 48
0x00007f3816ab9a40:   01 fa 48 8d 0c 32 48 63 f0 48 21 f1 48 c1 e9 03 


Stack slot to memory mapping:
stack at sp + 0 slots: 0x00007f3815b920d8 is pointing into the stack for thread: 0x00007f3810027000
stack at sp + 1 slots: {method} {0x00007f37ec92d5d0} 'mark' '(Ljava/lang/Object;)V' in 'java/lang/Runtime'
stack at sp + 2 slots: 0x00007f3815b92050 is pointing into the stack for thread: 0x00007f3810027000
stack at sp + 3 slots: 0x00007f381662eaf7: MARK+0x0000000000000037 in /home/ugrads/i/ivzap/documents/JDK_Research/jdk11u/build/linux-x86_64-normal-server-release/jdk/lib/server/libjvm.so at 0x00007f3815ce3000
stack at sp + 4 slots: 0x0 is NULL
stack at sp + 5 slots: {method} {0x00007f37ec92d5d0} 'mark' '(Ljava/lang/Object;)V' in 'java/lang/Runtime'
stack at sp + 6 slots: 0x0 is NULL
stack at sp + 7 slots: {method} {0x00007f37ec92d5d0} 'mark' '(Ljava/lang/Object;)V' in 'java/lang/Runtime'


---------------  P R O C E S S  ---------------

Threads class SMR info:
_java_thread_list=0x00007f379c261f90, length=17, elements={
0x00007f3810027000, 0x00007f3810227000, 0x00007f381022b000, 0x00007f3810240000,
0x00007f3810242000, 0x00007f3810244000, 0x00007f3810246000, 0x00007f3810248000,
0x00007f3810278800, 0x00007f37bc0b5000, 0x00007f37bc0b7000, 0x00007f37ac033800,
0x00007f37bc0f4000, 0x00007f37ac0a6000, 0x00007f37b8074800, 0x00007f37bc16a800,
0x00007f379c260800
}

Java Threads: ( => current thread )
=>0x00007f3810027000 JavaThread "main" [_thread_in_vm, id=2988911, stack(0x00007f3815a93000,0x00007f3815b94000)]
  0x00007f3810227000 JavaThread "Reference Handler" daemon [_thread_blocked, id=2988918, stack(0x00007f37ec56a000,0x00007f37ec66b000)]
  0x00007f381022b000 JavaThread "Finalizer" daemon [_thread_blocked, id=2988919, stack(0x00007f37ec469000,0x00007f37ec56a000)]
  0x00007f3810240000 JavaThread "Signal Dispatcher" daemon [_thread_blocked, id=2988920, stack(0x00007f37ec368000,0x00007f37ec469000)]
  0x00007f3810242000 JavaThread "Service Thread" daemon [_thread_blocked, id=2988921, stack(0x00007f37ec267000,0x00007f37ec368000)]
  0x00007f3810244000 JavaThread "C2 CompilerThread0" daemon [_thread_blocked, id=2988922, stack(0x00007f37ec166000,0x00007f37ec267000)]
  0x00007f3810246000 JavaThread "C1 CompilerThread0" daemon [_thread_blocked, id=2988923, stack(0x00007f37ec065000,0x00007f37ec166000)]
  0x00007f3810248000 JavaThread "Sweeper thread" daemon [_thread_blocked, id=2988924, stack(0x00007f37d3121000,0x00007f37d3222000)]
  0x00007f3810278800 JavaThread "Common-Cleaner" daemon [_thread_blocked, id=2988925, stack(0x00007f37d3020000,0x00007f37d3121000)]
  0x00007f37bc0b5000 JavaThread "C1 CompilerThread1" daemon [_thread_blocked, id=2988926, stack(0x00007f37d2f1f000,0x00007f37d3020000)]
  0x00007f37bc0b7000 JavaThread "C1 CompilerThread2" daemon [_thread_blocked, id=2988927, stack(0x00007f37d2e1e000,0x00007f37d2f1f000)]
  0x00007f37ac033800 JavaThread "C2 CompilerThread1" daemon [_thread_blocked, id=2988928, stack(0x00007f37d2d1d000,0x00007f37d2e1e000)]
  0x00007f37bc0f4000 JavaThread "C2 CompilerThread2" daemon [_thread_blocked, id=2988929, stack(0x00007f37d2c1c000,0x00007f37d2d1d000)]
  0x00007f37ac0a6000 JavaThread "C2 CompilerThread3" daemon [_thread_blocked, id=2988930, stack(0x00007f37d2b1b000,0x00007f37d2c1c000)]
  0x00007f37b8074800 JavaThread "C2 CompilerThread4" daemon [_thread_blocked, id=2988931, stack(0x00007f37d2a1a000,0x00007f37d2b1b000)]
  0x00007f37bc16a800 JavaThread "C1 CompilerThread3" daemon [_thread_blocked, id=2988932, stack(0x00007f37d2919000,0x00007f37d2a1a000)]
  0x00007f379c260800 JavaThread "C2 CompilerThread5" daemon [_thread_blocked, id=2988934, stack(0x00007f37d2316000,0x00007f37d2417000)]

Other Threads:
  0x00007f381021e800 VMThread "VM Thread" [stack: 0x00007f37ec66d000,0x00007f37ec76d000] [id=2988917]
  0x00007f38102f8000 WatcherThread [stack: 0x00007f37d2819000,0x00007f37d2919000] [id=2988933]
  0x00007f3810040000 GCTaskThread "GC Thread#0" [stack: 0x00007f381570e000,0x00007f381580e000] [id=2988912]
  0x00007f37e0001000 GCTaskThread "GC Thread#1" [stack: 0x00007f37d2216000,0x00007f37d2316000] [id=2988935]
  0x00007f37e0003000 GCTaskThread "GC Thread#2" [stack: 0x00007f37d2114000,0x00007f37d2214000] [id=2988936]
  0x00007f37e0004800 GCTaskThread "GC Thread#3" [stack: 0x00007f37d2012000,0x00007f37d2112000] [id=2988937]
  0x00007f37e0006800 GCTaskThread "GC Thread#4" [stack: 0x00007f37d1f10000,0x00007f37d2010000] [id=2988938]
  0x00007f381009d800 ConcurrentGCThread "G1 Main Marker" [stack: 0x00007f37f426d000,0x00007f37f436d000] [id=2988913]
  0x00007f381009f000 ConcurrentGCThread "G1 Conc#0" [stack: 0x00007f37f416b000,0x00007f37f426b000] [id=2988914]
  0x00007f38101b8800 ConcurrentGCThread "G1 Refine#0" [stack: 0x00007f37ed0f2000,0x00007f37ed1f2000] [id=2988915]
  0x00007f38101ba800 ConcurrentGCThread "G1 Young RemSet Sampling" [stack: 0x00007f37ecff0000,0x00007f37ed0f0000] [id=2988916]

Threads with active compile tasks:

VM state:not at safepoint (normal execution)

VM Mutex/Monitor currently owned by a thread: None

Heap address: 0x000000070ac00000, size: 3924 MB, Compressed Oops mode: Zero based, Oop shift amount: 3
Narrow klass base: 0x0000000800000000, Narrow klass shift: 0
Compressed class space size: 1073741824 Address: 0x0000000800000000

Heap:
 garbage-first heap   total 251904K, used 32114K [0x000000070ac00000, 0x0000000800000000)
  region size 1024K, 33 young (33792K), 3 survivors (3072K)
 Metaspace       used 14716K, capacity 15132K, committed 15360K, reserved 1062912K
  class space    used 1547K, capacity 1698K, committed 1792K, reserved 1048576K
Heap Regions: E=young(eden), S=young(survivor), O=old, HS=humongous(starts), HC=humongous(continues), CS=collection set, F=free, A=archive, TAMS=top-at-mark-start (previous, next)
|   0|0x000000070ac00000, 0x000000070ac00000, 0x000000070ad00000|  0%| F|  |TAMS 0x000000070ac00000, 0x000000070ac00000| Untracked 
|   1|0x000000070ad00000, 0x000000070ad00000, 0x000000070ae00000|  0%| F|  |TAMS 0x000000070ad00000, 0x000000070ad00000| Untracked 
|   2|0x000000070ae00000, 0x000000070ae00000, 0x000000070af00000|  0%| F|  |TAMS 0x000000070ae00000, 0x000000070ae00000| Untracked 
|   3|0x000000070af00000, 0x000000070af00000, 0x000000070b000000|  0%| F|  |TAMS 0x000000070af00000, 0x000000070af00000| Untracked 
|   4|0x000000070b000000, 0x000000070b000000, 0x000000070b100000|  0%| F|  |TAMS 0x000000070b000000, 0x000000070b000000| Untracked 
|   5|0x000000070b100000, 0x000000070b100000, 0x000000070b200000|  0%| F|  |TAMS 0x000000070b100000, 0x000000070b100000| Untracked 
|   6|0x000000070b200000, 0x000000070b200000, 0x000000070b300000|  0%| F|  |TAMS 0x000000070b200000, 0x000000070b200000| Untracked 
|   7|0x000000070b300000, 0x000000070b300000, 0x000000070b400000|  0%| F|  |TAMS 0x000000070b300000, 0x000000070b300000| Untracked 
|   8|0x000000070b400000, 0x000000070b400000, 0x000000070b500000|  0%| F|  |TAMS 0x000000070b400000, 0x000000070b400000| Untracked 
|   9|0x000000070b500000, 0x000000070b500000, 0x000000070b600000|  0%| F|  |TAMS 0x000000070b500000, 0x000000070b500000| Untracked 
|  10|0x000000070b600000, 0x000000070b600000, 0x000000070b700000|  0%| F|  |TAMS 0x000000070b600000, 0x000000070b600000| Untracked 
|  11|0x000000070b700000, 0x000000070b700000, 0x000000070b800000|  0%| F|  |TAMS 0x000000070b700000, 0x000000070b700000| Untracked 
|  12|0x000000070b800000, 0x000000070b800000, 0x000000070b900000|  0%| F|  |TAMS 0x000000070b800000, 0x000000070b800000| Untracked 
|  13|0x000000070b900000, 0x000000070b900000, 0x000000070ba00000|  0%| F|  |TAMS 0x000000070b900000, 0x000000070b900000| Untracked 
|  14|0x000000070ba00000, 0x000000070ba00000, 0x000000070bb00000|  0%| F|  |TAMS 0x000000070ba00000, 0x000000070ba00000| Untracked 
|  15|0x000000070bb00000, 0x000000070bb00000, 0x000000070bc00000|  0%| F|  |TAMS 0x000000070bb00000, 0x000000070bb00000| Untracked 
|  16|0x000000070bc00000, 0x000000070bc00000, 0x000000070bd00000|  0%| F|  |TAMS 0x000000070bc00000, 0x000000070bc00000| Untracked 
|  17|0x000000070bd00000, 0x000000070bd00000, 0x000000070be00000|  0%| F|  |TAMS 0x000000070bd00000, 0x000000070bd00000| Untracked 
|  18|0x000000070be00000, 0x000000070be00000, 0x000000070bf00000|  0%| F|  |TAMS 0x000000070be00000, 0x000000070be00000| Untracked 
|  19|0x000000070bf00000, 0x000000070bf00000, 0x000000070c000000|  0%| F|  |TAMS 0x000000070bf00000, 0x000000070bf00000| Untracked 
|  20|0x000000070c000000, 0x000000070c000000, 0x000000070c100000|  0%| F|  |TAMS 0x000000070c000000, 0x000000070c000000| Untracked 
|  21|0x000000070c100000, 0x000000070c100000, 0x000000070c200000|  0%| F|  |TAMS 0x000000070c100000, 0x000000070c100000| Untracked 
|  22|0x000000070c200000, 0x000000070c200000, 0x000000070c300000|  0%| F|  |TAMS 0x000000070c200000, 0x000000070c200000| Untracked 
|  23|0x000000070c300000, 0x000000070c300000, 0x000000070c400000|  0%| F|  |TAMS 0x000000070c300000, 0x000000070c300000| Untracked 
|  24|0x000000070c400000, 0x000000070c400000, 0x000000070c500000|  0%| F|  |TAMS 0x000000070c400000, 0x000000070c400000| Untracked 
|  25|0x000000070c500000, 0x000000070c500000, 0x000000070c600000|  0%| F|  |TAMS 0x000000070c500000, 0x000000070c500000| Untracked 
|  26|0x000000070c600000, 0x000000070c600000, 0x000000070c700000|  0%| F|  |TAMS 0x000000070c600000, 0x000000070c600000| Untracked 
|  27|0x000000070c700000, 0x000000070c700000, 0x000000070c800000|  0%| F|  |TAMS 0x000000070c700000, 0x000000070c700000| Untracked 
|  28|0x000000070c800000, 0x000000070c800000, 0x000000070c900000|  0%| F|  |TAMS 0x000000070c800000, 0x000000070c800000| Untracked 
|  29|0x000000070c900000, 0x000000070c900000, 0x000000070ca00000|  0%| F|  |TAMS 0x000000070c900000, 0x000000070c900000| Untracked 
|  30|0x000000070ca00000, 0x000000070ca00000, 0x000000070cb00000|  0%| F|  |TAMS 0x000000070ca00000, 0x000000070ca00000| Untracked 
|  31|0x000000070cb00000, 0x000000070cb00000, 0x000000070cc00000|  0%| F|  |TAMS 0x000000070cb00000, 0x000000070cb00000| Untracked 
|  32|0x000000070cc00000, 0x000000070cc00000, 0x000000070cd00000|  0%| F|  |TAMS 0x000000070cc00000, 0x000000070cc00000| Untracked 
|  33|0x000000070cd00000, 0x000000070cd00000, 0x000000070ce00000|  0%| F|  |TAMS 0x000000070cd00000, 0x000000070cd00000| Untracked 
|  34|0x000000070ce00000, 0x000000070ce00000, 0x000000070cf00000|  0%| F|  |TAMS 0x000000070ce00000, 0x000000070ce00000| Untracked 
|  35|0x000000070cf00000, 0x000000070cf00000, 0x000000070d000000|  0%| F|  |TAMS 0x000000070cf00000, 0x000000070cf00000| Untracked 
|  36|0x000000070d000000, 0x000000070d000000, 0x000000070d100000|  0%| F|  |TAMS 0x000000070d000000, 0x000000070d000000| Untracked 
|  37|0x000000070d100000, 0x000000070d100000, 0x000000070d200000|  0%| F|  |TAMS 0x000000070d100000, 0x000000070d100000| Untracked 
|  38|0x000000070d200000, 0x000000070d200000, 0x000000070d300000|  0%| F|  |TAMS 0x000000070d200000, 0x000000070d200000| Untracked 
|  39|0x000000070d300000, 0x000000070d300000, 0x000000070d400000|  0%| F|  |TAMS 0x000000070d300000, 0x000000070d300000| Untracked 
|  40|0x000000070d400000, 0x000000070d400000, 0x000000070d500000|  0%| F|  |TAMS 0x000000070d400000, 0x000000070d400000| Untracked 
|  41|0x000000070d500000, 0x000000070d500000, 0x000000070d600000|  0%| F|  |TAMS 0x000000070d500000, 0x000000070d500000| Untracked 
|  42|0x000000070d600000, 0x000000070d600000, 0x000000070d700000|  0%| F|  |TAMS 0x000000070d600000, 0x000000070d600000| Untracked 
|  43|0x000000070d700000, 0x000000070d700000, 0x000000070d800000|  0%| F|  |TAMS 0x000000070d700000, 0x000000070d700000| Untracked 
|  44|0x000000070d800000, 0x000000070d800000, 0x000000070d900000|  0%| F|  |TAMS 0x000000070d800000, 0x000000070d800000| Untracked 
|  45|0x000000070d900000, 0x000000070d900000, 0x000000070da00000|  0%| F|  |TAMS 0x000000070d900000, 0x000000070d900000| Untracked 
|  46|0x000000070da00000, 0x000000070da00000, 0x000000070db00000|  0%| F|  |TAMS 0x000000070da00000, 0x000000070da00000| Untracked 
|  47|0x000000070db00000, 0x000000070db00000, 0x000000070dc00000|  0%| F|  |TAMS 0x000000070db00000, 0x000000070db00000| Untracked 
|  48|0x000000070dc00000, 0x000000070dc00000, 0x000000070dd00000|  0%| F|  |TAMS 0x000000070dc00000, 0x000000070dc00000| Untracked 
|  49|0x000000070dd00000, 0x000000070dd00000, 0x000000070de00000|  0%| F|  |TAMS 0x000000070dd00000, 0x000000070dd00000| Untracked 
|  50|0x000000070de00000, 0x000000070de00000, 0x000000070df00000|  0%| F|  |TAMS 0x000000070de00000, 0x000000070de00000| Untracked 
|  51|0x000000070df00000, 0x000000070df00000, 0x000000070e000000|  0%| F|  |TAMS 0x000000070df00000, 0x000000070df00000| Untracked 
|  52|0x000000070e000000, 0x000000070e000000, 0x000000070e100000|  0%| F|  |TAMS 0x000000070e000000, 0x000000070e000000| Untracked 
|  53|0x000000070e100000, 0x000000070e100000, 0x000000070e200000|  0%| F|  |TAMS 0x000000070e100000, 0x000000070e100000| Untracked 
|  54|0x000000070e200000, 0x000000070e200000, 0x000000070e300000|  0%| F|  |TAMS 0x000000070e200000, 0x000000070e200000| Untracked 
|  55|0x000000070e300000, 0x000000070e300000, 0x000000070e400000|  0%| F|  |TAMS 0x000000070e300000, 0x000000070e300000| Untracked 
|  56|0x000000070e400000, 0x000000070e400000, 0x000000070e500000|  0%| F|  |TAMS 0x000000070e400000, 0x000000070e400000| Untracked 
|  57|0x000000070e500000, 0x000000070e500000, 0x000000070e600000|  0%| F|  |TAMS 0x000000070e500000, 0x000000070e500000| Untracked 
|  58|0x000000070e600000, 0x000000070e600000, 0x000000070e700000|  0%| F|  |TAMS 0x000000070e600000, 0x000000070e600000| Untracked 
|  59|0x000000070e700000, 0x000000070e700000, 0x000000070e800000|  0%| F|  |TAMS 0x000000070e700000, 0x000000070e700000| Untracked 
|  60|0x000000070e800000, 0x000000070e800000, 0x000000070e900000|  0%| F|  |TAMS 0x000000070e800000, 0x000000070e800000| Untracked 
|  61|0x000000070e900000, 0x000000070e900000, 0x000000070ea00000|  0%| F|  |TAMS 0x000000070e900000, 0x000000070e900000| Untracked 
|  62|0x000000070ea00000, 0x000000070ea00000, 0x000000070eb00000|  0%| F|  |TAMS 0x000000070ea00000, 0x000000070ea00000| Untracked 
|  63|0x000000070eb00000, 0x000000070eb00000, 0x000000070ec00000|  0%| F|  |TAMS 0x000000070eb00000, 0x000000070eb00000| Untracked 
|  64|0x000000070ec00000, 0x000000070ec00000, 0x000000070ed00000|  0%| F|  |TAMS 0x000000070ec00000, 0x000000070ec00000| Untracked 
|  65|0x000000070ed00000, 0x000000070ed00000, 0x000000070ee00000|  0%| F|  |TAMS 0x000000070ed00000, 0x000000070ed00000| Untracked 
|  66|0x000000070ee00000, 0x000000070ee00000, 0x000000070ef00000|  0%| F|  |TAMS 0x000000070ee00000, 0x000000070ee00000| Untracked 
|  67|0x000000070ef00000, 0x000000070ef00000, 0x000000070f000000|  0%| F|  |TAMS 0x000000070ef00000, 0x000000070ef00000| Untracked 
|  68|0x000000070f000000, 0x000000070f000000, 0x000000070f100000|  0%| F|  |TAMS 0x000000070f000000, 0x000000070f000000| Untracked 
|  69|0x000000070f100000, 0x000000070f100000, 0x000000070f200000|  0%| F|  |TAMS 0x000000070f100000, 0x000000070f100000| Untracked 
|  70|0x000000070f200000, 0x000000070f200000, 0x000000070f300000|  0%| F|  |TAMS 0x000000070f200000, 0x000000070f200000| Untracked 
|  71|0x000000070f300000, 0x000000070f300000, 0x000000070f400000|  0%| F|  |TAMS 0x000000070f300000, 0x000000070f300000| Untracked 
|  72|0x000000070f400000, 0x000000070f400000, 0x000000070f500000|  0%| F|  |TAMS 0x000000070f400000, 0x000000070f400000| Untracked 
|  73|0x000000070f500000, 0x000000070f500000, 0x000000070f600000|  0%| F|  |TAMS 0x000000070f500000, 0x000000070f500000| Untracked 
|  74|0x000000070f600000, 0x000000070f600000, 0x000000070f700000|  0%| F|  |TAMS 0x000000070f600000, 0x000000070f600000| Untracked 
|  75|0x000000070f700000, 0x000000070f700000, 0x000000070f800000|  0%| F|  |TAMS 0x000000070f700000, 0x000000070f700000| Untracked 
|  76|0x000000070f800000, 0x000000070f800000, 0x000000070f900000|  0%| F|  |TAMS 0x000000070f800000, 0x000000070f800000| Untracked 
|  77|0x000000070f900000, 0x000000070f900000, 0x000000070fa00000|  0%| F|  |TAMS 0x000000070f900000, 0x000000070f900000| Untracked 
|  78|0x000000070fa00000, 0x000000070fa00000, 0x000000070fb00000|  0%| F|  |TAMS 0x000000070fa00000, 0x000000070fa00000| Untracked 
|  79|0x000000070fb00000, 0x000000070fb00000, 0x000000070fc00000|  0%| F|  |TAMS 0x000000070fb00000, 0x000000070fb00000| Untracked 
|  80|0x000000070fc00000, 0x000000070fc00000, 0x000000070fd00000|  0%| F|  |TAMS 0x000000070fc00000, 0x000000070fc00000| Untracked 
|  81|0x000000070fd00000, 0x000000070fd00000, 0x000000070fe00000|  0%| F|  |TAMS 0x000000070fd00000, 0x000000070fd00000| Untracked 
|  82|0x000000070fe00000, 0x000000070fe00000, 0x000000070ff00000|  0%| F|  |TAMS 0x000000070fe00000, 0x000000070fe00000| Untracked 
|  83|0x000000070ff00000, 0x000000070ff00000, 0x0000000710000000|  0%| F|  |TAMS 0x000000070ff00000, 0x000000070ff00000| Untracked 
|  84|0x0000000710000000, 0x0000000710000000, 0x0000000710100000|  0%| F|  |TAMS 0x0000000710000000, 0x0000000710000000| Untracked 
|  85|0x0000000710100000, 0x0000000710100000, 0x0000000710200000|  0%| F|  |TAMS 0x0000000710100000, 0x0000000710100000| Untracked 
|  86|0x0000000710200000, 0x0000000710200000, 0x0000000710300000|  0%| F|  |TAMS 0x0000000710200000, 0x0000000710200000| Untracked 
|  87|0x0000000710300000, 0x0000000710300000, 0x0000000710400000|  0%| F|  |TAMS 0x0000000710300000, 0x0000000710300000| Untracked 
|  88|0x0000000710400000, 0x0000000710400000, 0x0000000710500000|  0%| F|  |TAMS 0x0000000710400000, 0x0000000710400000| Untracked 
|  89|0x0000000710500000, 0x0000000710500000, 0x0000000710600000|  0%| F|  |TAMS 0x0000000710500000, 0x0000000710500000| Untracked 
|  90|0x0000000710600000, 0x0000000710600000, 0x0000000710700000|  0%| F|  |TAMS 0x0000000710600000, 0x0000000710600000| Untracked 
|  91|0x0000000710700000, 0x0000000710700000, 0x0000000710800000|  0%| F|  |TAMS 0x0000000710700000, 0x0000000710700000| Untracked 
|  92|0x0000000710800000, 0x0000000710800000, 0x0000000710900000|  0%| F|  |TAMS 0x0000000710800000, 0x0000000710800000| Untracked 
|  93|0x0000000710900000, 0x0000000710900000, 0x0000000710a00000|  0%| F|  |TAMS 0x0000000710900000, 0x0000000710900000| Untracked 
|  94|0x0000000710a00000, 0x0000000710a00000, 0x0000000710b00000|  0%| F|  |TAMS 0x0000000710a00000, 0x0000000710a00000| Untracked 
|  95|0x0000000710b00000, 0x0000000710b00000, 0x0000000710c00000|  0%| F|  |TAMS 0x0000000710b00000, 0x0000000710b00000| Untracked 
|  96|0x0000000710c00000, 0x0000000710c00000, 0x0000000710d00000|  0%| F|  |TAMS 0x0000000710c00000, 0x0000000710c00000| Untracked 
|  97|0x0000000710d00000, 0x0000000710d00000, 0x0000000710e00000|  0%| F|  |TAMS 0x0000000710d00000, 0x0000000710d00000| Untracked 
|  98|0x0000000710e00000, 0x0000000710e00000, 0x0000000710f00000|  0%| F|  |TAMS 0x0000000710e00000, 0x0000000710e00000| Untracked 
|  99|0x0000000710f00000, 0x0000000710f00000, 0x0000000711000000|  0%| F|  |TAMS 0x0000000710f00000, 0x0000000710f00000| Untracked 
| 100|0x0000000711000000, 0x0000000711000000, 0x0000000711100000|  0%| F|  |TAMS 0x0000000711000000, 0x0000000711000000| Untracked 
| 101|0x0000000711100000, 0x0000000711100000, 0x0000000711200000|  0%| F|  |TAMS 0x0000000711100000, 0x0000000711100000| Untracked 
| 102|0x0000000711200000, 0x0000000711200000, 0x0000000711300000|  0%| F|  |TAMS 0x0000000711200000, 0x0000000711200000| Untracked 
| 103|0x0000000711300000, 0x0000000711300000, 0x0000000711400000|  0%| F|  |TAMS 0x0000000711300000, 0x0000000711300000| Untracked 
| 104|0x0000000711400000, 0x0000000711400000, 0x0000000711500000|  0%| F|  |TAMS 0x0000000711400000, 0x0000000711400000| Untracked 
| 105|0x0000000711500000, 0x0000000711500000, 0x0000000711600000|  0%| F|  |TAMS 0x0000000711500000, 0x0000000711500000| Untracked 
| 106|0x0000000711600000, 0x0000000711600000, 0x0000000711700000|  0%| F|  |TAMS 0x0000000711600000, 0x0000000711600000| Untracked 
| 107|0x0000000711700000, 0x0000000711700000, 0x0000000711800000|  0%| F|  |TAMS 0x0000000711700000, 0x0000000711700000| Untracked 
| 108|0x0000000711800000, 0x0000000711800000, 0x0000000711900000|  0%| F|  |TAMS 0x0000000711800000, 0x0000000711800000| Untracked 
| 109|0x0000000711900000, 0x0000000711900000, 0x0000000711a00000|  0%| F|  |TAMS 0x0000000711900000, 0x0000000711900000| Untracked 
| 110|0x0000000711a00000, 0x0000000711a00000, 0x0000000711b00000|  0%| F|  |TAMS 0x0000000711a00000, 0x0000000711a00000| Untracked 
| 111|0x0000000711b00000, 0x0000000711b00000, 0x0000000711c00000|  0%| F|  |TAMS 0x0000000711b00000, 0x0000000711b00000| Untracked 
| 112|0x0000000711c00000, 0x0000000711c00000, 0x0000000711d00000|  0%| F|  |TAMS 0x0000000711c00000, 0x0000000711c00000| Untracked 
| 113|0x0000000711d00000, 0x0000000711d00000, 0x0000000711e00000|  0%| F|  |TAMS 0x0000000711d00000, 0x0000000711d00000| Untracked 
| 114|0x0000000711e00000, 0x0000000711e00000, 0x0000000711f00000|  0%| F|  |TAMS 0x0000000711e00000, 0x0000000711e00000| Untracked 
| 115|0x0000000711f00000, 0x0000000711f00000, 0x0000000712000000|  0%| F|  |TAMS 0x0000000711f00000, 0x0000000711f00000| Untracked 
| 116|0x0000000712000000, 0x0000000712000000, 0x0000000712100000|  0%| F|  |TAMS 0x0000000712000000, 0x0000000712000000| Untracked 
| 117|0x0000000712100000, 0x0000000712100000, 0x0000000712200000|  0%| F|  |TAMS 0x0000000712100000, 0x0000000712100000| Untracked 
| 118|0x0000000712200000, 0x0000000712200000, 0x0000000712300000|  0%| F|  |TAMS 0x0000000712200000, 0x0000000712200000| Untracked 
| 119|0x0000000712300000, 0x0000000712300000, 0x0000000712400000|  0%| F|  |TAMS 0x0000000712300000, 0x0000000712300000| Untracked 
| 120|0x0000000712400000, 0x0000000712400000, 0x0000000712500000|  0%| F|  |TAMS 0x0000000712400000, 0x0000000712400000| Untracked 
| 121|0x0000000712500000, 0x0000000712500000, 0x0000000712600000|  0%| F|  |TAMS 0x0000000712500000, 0x0000000712500000| Untracked 
| 122|0x0000000712600000, 0x0000000712600000, 0x0000000712700000|  0%| F|  |TAMS 0x0000000712600000, 0x0000000712600000| Untracked 
| 123|0x0000000712700000, 0x0000000712700000, 0x0000000712800000|  0%| F|  |TAMS 0x0000000712700000, 0x0000000712700000| Untracked 
| 124|0x0000000712800000, 0x0000000712800000, 0x0000000712900000|  0%| F|  |TAMS 0x0000000712800000, 0x0000000712800000| Untracked 
| 125|0x0000000712900000, 0x0000000712900000, 0x0000000712a00000|  0%| F|  |TAMS 0x0000000712900000, 0x0000000712900000| Untracked 
| 126|0x0000000712a00000, 0x0000000712a00000, 0x0000000712b00000|  0%| F|  |TAMS 0x0000000712a00000, 0x0000000712a00000| Untracked 
| 127|0x0000000712b00000, 0x0000000712b00000, 0x0000000712c00000|  0%| F|  |TAMS 0x0000000712b00000, 0x0000000712b00000| Untracked 
| 128|0x0000000712c00000, 0x0000000712c00000, 0x0000000712d00000|  0%| F|  |TAMS 0x0000000712c00000, 0x0000000712c00000| Untracked 
| 129|0x0000000712d00000, 0x0000000712d00000, 0x0000000712e00000|  0%| F|  |TAMS 0x0000000712d00000, 0x0000000712d00000| Untracked 
| 130|0x0000000712e00000, 0x0000000712e00000, 0x0000000712f00000|  0%| F|  |TAMS 0x0000000712e00000, 0x0000000712e00000| Untracked 
| 131|0x0000000712f00000, 0x0000000712f00000, 0x0000000713000000|  0%| F|  |TAMS 0x0000000712f00000, 0x0000000712f00000| Untracked 
| 132|0x0000000713000000, 0x0000000713000000, 0x0000000713100000|  0%| F|  |TAMS 0x0000000713000000, 0x0000000713000000| Untracked 
| 133|0x0000000713100000, 0x0000000713100000, 0x0000000713200000|  0%| F|  |TAMS 0x0000000713100000, 0x0000000713100000| Untracked 
| 134|0x0000000713200000, 0x0000000713200000, 0x0000000713300000|  0%| F|  |TAMS 0x0000000713200000, 0x0000000713200000| Untracked 
| 135|0x0000000713300000, 0x0000000713300000, 0x0000000713400000|  0%| F|  |TAMS 0x0000000713300000, 0x0000000713300000| Untracked 
| 136|0x0000000713400000, 0x0000000713400000, 0x0000000713500000|  0%| F|  |TAMS 0x0000000713400000, 0x0000000713400000| Untracked 
| 137|0x0000000713500000, 0x0000000713500000, 0x0000000713600000|  0%| F|  |TAMS 0x0000000713500000, 0x0000000713500000| Untracked 
| 138|0x0000000713600000, 0x0000000713600000, 0x0000000713700000|  0%| F|  |TAMS 0x0000000713600000, 0x0000000713600000| Untracked 
| 139|0x0000000713700000, 0x0000000713700000, 0x0000000713800000|  0%| F|  |TAMS 0x0000000713700000, 0x0000000713700000| Untracked 
| 140|0x0000000713800000, 0x0000000713800000, 0x0000000713900000|  0%| F|  |TAMS 0x0000000713800000, 0x0000000713800000| Untracked 
| 141|0x0000000713900000, 0x0000000713900000, 0x0000000713a00000|  0%| F|  |TAMS 0x0000000713900000, 0x0000000713900000| Untracked 
| 142|0x0000000713a00000, 0x0000000713a00000, 0x0000000713b00000|  0%| F|  |TAMS 0x0000000713a00000, 0x0000000713a00000| Untracked 
| 143|0x0000000713b00000, 0x0000000713b00000, 0x0000000713c00000|  0%| F|  |TAMS 0x0000000713b00000, 0x0000000713b00000| Untracked 
| 144|0x0000000713c00000, 0x0000000713c00000, 0x0000000713d00000|  0%| F|  |TAMS 0x0000000713c00000, 0x0000000713c00000| Untracked 
| 145|0x0000000713d00000, 0x0000000713d00000, 0x0000000713e00000|  0%| F|  |TAMS 0x0000000713d00000, 0x0000000713d00000| Untracked 
| 146|0x0000000713e00000, 0x0000000713e00000, 0x0000000713f00000|  0%| F|  |TAMS 0x0000000713e00000, 0x0000000713e00000| Untracked 
| 147|0x0000000713f00000, 0x0000000713f00000, 0x0000000714000000|  0%| F|  |TAMS 0x0000000713f00000, 0x0000000713f00000| Untracked 
| 148|0x0000000714000000, 0x0000000714000000, 0x0000000714100000|  0%| F|  |TAMS 0x0000000714000000, 0x0000000714000000| Untracked 
| 149|0x0000000714100000, 0x0000000714100000, 0x0000000714200000|  0%| F|  |TAMS 0x0000000714100000, 0x0000000714100000| Untracked 
| 150|0x0000000714200000, 0x0000000714200000, 0x0000000714300000|  0%| F|  |TAMS 0x0000000714200000, 0x0000000714200000| Untracked 
| 151|0x0000000714300000, 0x0000000714300000, 0x0000000714400000|  0%| F|  |TAMS 0x0000000714300000, 0x0000000714300000| Untracked 
| 152|0x0000000714400000, 0x0000000714400000, 0x0000000714500000|  0%| F|  |TAMS 0x0000000714400000, 0x0000000714400000| Untracked 
| 153|0x0000000714500000, 0x0000000714500000, 0x0000000714600000|  0%| F|  |TAMS 0x0000000714500000, 0x0000000714500000| Untracked 
| 154|0x0000000714600000, 0x0000000714600000, 0x0000000714700000|  0%| F|  |TAMS 0x0000000714600000, 0x0000000714600000| Untracked 
| 155|0x0000000714700000, 0x0000000714700000, 0x0000000714800000|  0%| F|  |TAMS 0x0000000714700000, 0x0000000714700000| Untracked 
| 156|0x0000000714800000, 0x0000000714800000, 0x0000000714900000|  0%| F|  |TAMS 0x0000000714800000, 0x0000000714800000| Untracked 
| 157|0x0000000714900000, 0x0000000714900000, 0x0000000714a00000|  0%| F|  |TAMS 0x0000000714900000, 0x0000000714900000| Untracked 
| 158|0x0000000714a00000, 0x0000000714a00000, 0x0000000714b00000|  0%| F|  |TAMS 0x0000000714a00000, 0x0000000714a00000| Untracked 
| 159|0x0000000714b00000, 0x0000000714b00000, 0x0000000714c00000|  0%| F|  |TAMS 0x0000000714b00000, 0x0000000714b00000| Untracked 
| 160|0x0000000714c00000, 0x0000000714c00000, 0x0000000714d00000|  0%| F|  |TAMS 0x0000000714c00000, 0x0000000714c00000| Untracked 
| 161|0x0000000714d00000, 0x0000000714d00000, 0x0000000714e00000|  0%| F|  |TAMS 0x0000000714d00000, 0x0000000714d00000| Untracked 
| 162|0x0000000714e00000, 0x0000000714e00000, 0x0000000714f00000|  0%| F|  |TAMS 0x0000000714e00000, 0x0000000714e00000| Untracked 
| 163|0x0000000714f00000, 0x0000000714f00000, 0x0000000715000000|  0%| F|  |TAMS 0x0000000714f00000, 0x0000000714f00000| Untracked 
| 164|0x0000000715000000, 0x0000000715000000, 0x0000000715100000|  0%| F|  |TAMS 0x0000000715000000, 0x0000000715000000| Untracked 
| 165|0x0000000715100000, 0x0000000715100000, 0x0000000715200000|  0%| F|  |TAMS 0x0000000715100000, 0x0000000715100000| Untracked 
| 166|0x0000000715200000, 0x0000000715200000, 0x0000000715300000|  0%| F|  |TAMS 0x0000000715200000, 0x0000000715200000| Untracked 
| 167|0x0000000715300000, 0x0000000715300000, 0x0000000715400000|  0%| F|  |TAMS 0x0000000715300000, 0x0000000715300000| Untracked 
| 168|0x0000000715400000, 0x0000000715400000, 0x0000000715500000|  0%| F|  |TAMS 0x0000000715400000, 0x0000000715400000| Untracked 
| 169|0x0000000715500000, 0x0000000715500000, 0x0000000715600000|  0%| F|  |TAMS 0x0000000715500000, 0x0000000715500000| Untracked 
| 170|0x0000000715600000, 0x0000000715600000, 0x0000000715700000|  0%| F|  |TAMS 0x0000000715600000, 0x0000000715600000| Untracked 
| 171|0x0000000715700000, 0x0000000715700000, 0x0000000715800000|  0%| F|  |TAMS 0x0000000715700000, 0x0000000715700000| Untracked 
| 172|0x0000000715800000, 0x0000000715800000, 0x0000000715900000|  0%| F|  |TAMS 0x0000000715800000, 0x0000000715800000| Untracked 
| 173|0x0000000715900000, 0x0000000715900000, 0x0000000715a00000|  0%| F|  |TAMS 0x0000000715900000, 0x0000000715900000| Untracked 
| 174|0x0000000715a00000, 0x0000000715a00000, 0x0000000715b00000|  0%| F|  |TAMS 0x0000000715a00000, 0x0000000715a00000| Untracked 
| 175|0x0000000715b00000, 0x0000000715b00000, 0x0000000715c00000|  0%| F|  |TAMS 0x0000000715b00000, 0x0000000715b00000| Untracked 
| 176|0x0000000715c00000, 0x0000000715c00000, 0x0000000715d00000|  0%| F|  |TAMS 0x0000000715c00000, 0x0000000715c00000| Untracked 
| 177|0x0000000715d00000, 0x0000000715d00000, 0x0000000715e00000|  0%| F|  |TAMS 0x0000000715d00000, 0x0000000715d00000| Untracked 
| 178|0x0000000715e00000, 0x0000000715e00000, 0x0000000715f00000|  0%| F|  |TAMS 0x0000000715e00000, 0x0000000715e00000| Untracked 
| 179|0x0000000715f00000, 0x0000000715f00000, 0x0000000716000000|  0%| F|  |TAMS 0x0000000715f00000, 0x0000000715f00000| Untracked 
| 180|0x0000000716000000, 0x0000000716000000, 0x0000000716100000|  0%| F|  |TAMS 0x0000000716000000, 0x0000000716000000| Untracked 
| 181|0x0000000716100000, 0x0000000716100000, 0x0000000716200000|  0%| F|  |TAMS 0x0000000716100000, 0x0000000716100000| Untracked 
| 182|0x0000000716200000, 0x0000000716200000, 0x0000000716300000|  0%| F|  |TAMS 0x0000000716200000, 0x0000000716200000| Untracked 
| 183|0x0000000716300000, 0x0000000716300000, 0x0000000716400000|  0%| F|  |TAMS 0x0000000716300000, 0x0000000716300000| Untracked 
| 184|0x0000000716400000, 0x0000000716400000, 0x0000000716500000|  0%| F|  |TAMS 0x0000000716400000, 0x0000000716400000| Untracked 
| 185|0x0000000716500000, 0x0000000716500000, 0x0000000716600000|  0%| F|  |TAMS 0x0000000716500000, 0x0000000716500000| Untracked 
| 186|0x0000000716600000, 0x0000000716600000, 0x0000000716700000|  0%| F|  |TAMS 0x0000000716600000, 0x0000000716600000| Untracked 
| 187|0x0000000716700000, 0x0000000716700000, 0x0000000716800000|  0%| F|  |TAMS 0x0000000716700000, 0x0000000716700000| Untracked 
| 188|0x0000000716800000, 0x0000000716800000, 0x0000000716900000|  0%| F|  |TAMS 0x0000000716800000, 0x0000000716800000| Untracked 
| 189|0x0000000716900000, 0x0000000716900000, 0x0000000716a00000|  0%| F|  |TAMS 0x0000000716900000, 0x0000000716900000| Untracked 
| 190|0x0000000716a00000, 0x0000000716a00000, 0x0000000716b00000|  0%| F|  |TAMS 0x0000000716a00000, 0x0000000716a00000| Untracked 
| 191|0x0000000716b00000, 0x0000000716b00000, 0x0000000716c00000|  0%| F|  |TAMS 0x0000000716b00000, 0x0000000716b00000| Untracked 
| 192|0x0000000716c00000, 0x0000000716c00000, 0x0000000716d00000|  0%| F|  |TAMS 0x0000000716c00000, 0x0000000716c00000| Untracked 
| 193|0x0000000716d00000, 0x0000000716d00000, 0x0000000716e00000|  0%| F|  |TAMS 0x0000000716d00000, 0x0000000716d00000| Untracked 
| 194|0x0000000716e00000, 0x0000000716e00000, 0x0000000716f00000|  0%| F|  |TAMS 0x0000000716e00000, 0x0000000716e00000| Untracked 
| 195|0x0000000716f00000, 0x0000000716f00000, 0x0000000717000000|  0%| F|  |TAMS 0x0000000716f00000, 0x0000000716f00000| Untracked 
| 196|0x0000000717000000, 0x0000000717000000, 0x0000000717100000|  0%| F|  |TAMS 0x0000000717000000, 0x0000000717000000| Untracked 
| 197|0x0000000717100000, 0x0000000717100000, 0x0000000717200000|  0%| F|  |TAMS 0x0000000717100000, 0x0000000717100000| Untracked 
| 198|0x0000000717200000, 0x0000000717200000, 0x0000000717300000|  0%| F|  |TAMS 0x0000000717200000, 0x0000000717200000| Untracked 
| 199|0x0000000717300000, 0x0000000717300000, 0x0000000717400000|  0%| F|  |TAMS 0x0000000717300000, 0x0000000717300000| Untracked 
| 200|0x0000000717400000, 0x0000000717400000, 0x0000000717500000|  0%| F|  |TAMS 0x0000000717400000, 0x0000000717400000| Untracked 
| 201|0x0000000717500000, 0x0000000717500000, 0x0000000717600000|  0%| F|  |TAMS 0x0000000717500000, 0x0000000717500000| Untracked 
| 202|0x0000000717600000, 0x0000000717600000, 0x0000000717700000|  0%| F|  |TAMS 0x0000000717600000, 0x0000000717600000| Untracked 
| 203|0x0000000717700000, 0x0000000717700000, 0x0000000717800000|  0%| F|  |TAMS 0x0000000717700000, 0x0000000717700000| Untracked 
| 204|0x0000000717800000, 0x0000000717800000, 0x0000000717900000|  0%| F|  |TAMS 0x0000000717800000, 0x0000000717800000| Untracked 
| 205|0x0000000717900000, 0x0000000717900000, 0x0000000717a00000|  0%| F|  |TAMS 0x0000000717900000, 0x0000000717900000| Untracked 
| 206|0x0000000717a00000, 0x0000000717a00000, 0x0000000717b00000|  0%| F|  |TAMS 0x0000000717a00000, 0x0000000717a00000| Untracked 
| 207|0x0000000717b00000, 0x0000000717b00000, 0x0000000717c00000|  0%| F|  |TAMS 0x0000000717b00000, 0x0000000717b00000| Untracked 
| 208|0x0000000717c00000, 0x0000000717c00000, 0x0000000717d00000|  0%| F|  |TAMS 0x0000000717c00000, 0x0000000717c00000| Untracked 
| 209|0x0000000717d00000, 0x0000000717d00000, 0x0000000717e00000|  0%| F|  |TAMS 0x0000000717d00000, 0x0000000717d00000| Untracked 
| 210|0x0000000717e00000, 0x0000000717e00000, 0x0000000717f00000|  0%| F|  |TAMS 0x0000000717e00000, 0x0000000717e00000| Untracked 
| 211|0x0000000717f00000, 0x0000000717f00000, 0x0000000718000000|  0%| F|  |TAMS 0x0000000717f00000, 0x0000000717f00000| Untracked 
| 212|0x0000000718000000, 0x0000000718000000, 0x0000000718100000|  0%| F|  |TAMS 0x0000000718000000, 0x0000000718000000| Untracked 
| 213|0x0000000718100000, 0x0000000718180800, 0x0000000718200000| 50%| E|  |TAMS 0x0000000718100000, 0x0000000718100000| Complete 
| 214|0x0000000718200000, 0x0000000718300000, 0x0000000718300000|100%| E|CS|TAMS 0x0000000718200000, 0x0000000718200000| Complete 
| 215|0x0000000718300000, 0x0000000718400000, 0x0000000718400000|100%| E|CS|TAMS 0x0000000718300000, 0x0000000718300000| Complete 
| 216|0x0000000718400000, 0x0000000718500000, 0x0000000718500000|100%| E|CS|TAMS 0x0000000718400000, 0x0000000718400000| Complete 
| 217|0x0000000718500000, 0x0000000718600000, 0x0000000718600000|100%| E|CS|TAMS 0x0000000718500000, 0x0000000718500000| Complete 
| 218|0x0000000718600000, 0x0000000718700000, 0x0000000718700000|100%| E|CS|TAMS 0x0000000718600000, 0x0000000718600000| Complete 
| 219|0x0000000718700000, 0x000000071875c948, 0x0000000718800000| 36%| S|CS|TAMS 0x0000000718700000, 0x0000000718700000| Complete 
| 220|0x0000000718800000, 0x0000000718900000, 0x0000000718900000|100%| S|CS|TAMS 0x0000000718800000, 0x0000000718800000| Complete 
| 221|0x0000000718900000, 0x0000000718a00000, 0x0000000718a00000|100%| S|CS|TAMS 0x0000000718900000, 0x0000000718900000| Complete 
| 222|0x0000000718a00000, 0x0000000718b00000, 0x0000000718b00000|100%| E|CS|TAMS 0x0000000718a00000, 0x0000000718a00000| Complete 
| 223|0x0000000718b00000, 0x0000000718c00000, 0x0000000718c00000|100%| E|CS|TAMS 0x0000000718b00000, 0x0000000718b00000| Complete 
| 224|0x0000000718c00000, 0x0000000718d00000, 0x0000000718d00000|100%| E|CS|TAMS 0x0000000718c00000, 0x0000000718c00000| Complete 
| 225|0x0000000718d00000, 0x0000000718e00000, 0x0000000718e00000|100%| E|CS|TAMS 0x0000000718d00000, 0x0000000718d00000| Complete 
| 226|0x0000000718e00000, 0x0000000718f00000, 0x0000000718f00000|100%| E|CS|TAMS 0x0000000718e00000, 0x0000000718e00000| Complete 
| 227|0x0000000718f00000, 0x0000000719000000, 0x0000000719000000|100%| E|CS|TAMS 0x0000000718f00000, 0x0000000718f00000| Complete 
| 228|0x0000000719000000, 0x0000000719100000, 0x0000000719100000|100%| E|CS|TAMS 0x0000000719000000, 0x0000000719000000| Complete 
| 229|0x0000000719100000, 0x0000000719200000, 0x0000000719200000|100%| E|CS|TAMS 0x0000000719100000, 0x0000000719100000| Complete 
| 230|0x0000000719200000, 0x0000000719300000, 0x0000000719300000|100%| E|CS|TAMS 0x0000000719200000, 0x0000000719200000| Complete 
| 231|0x0000000719300000, 0x0000000719400000, 0x0000000719400000|100%| E|CS|TAMS 0x0000000719300000, 0x0000000719300000| Complete 
| 232|0x0000000719400000, 0x0000000719500000, 0x0000000719500000|100%| E|CS|TAMS 0x0000000719400000, 0x0000000719400000| Complete 
| 233|0x0000000719500000, 0x0000000719600000, 0x0000000719600000|100%| E|CS|TAMS 0x0000000719500000, 0x0000000719500000| Complete 
| 234|0x0000000719600000, 0x0000000719700000, 0x0000000719700000|100%| E|CS|TAMS 0x0000000719600000, 0x0000000719600000| Complete 
| 235|0x0000000719700000, 0x0000000719800000, 0x0000000719800000|100%| E|CS|TAMS 0x0000000719700000, 0x0000000719700000| Complete 
| 236|0x0000000719800000, 0x0000000719900000, 0x0000000719900000|100%| E|CS|TAMS 0x0000000719800000, 0x0000000719800000| Complete 
| 237|0x0000000719900000, 0x0000000719a00000, 0x0000000719a00000|100%| E|CS|TAMS 0x0000000719900000, 0x0000000719900000| Complete 
| 238|0x0000000719a00000, 0x0000000719b00000, 0x0000000719b00000|100%| E|CS|TAMS 0x0000000719a00000, 0x0000000719a00000| Complete 
| 239|0x0000000719b00000, 0x0000000719c00000, 0x0000000719c00000|100%| E|CS|TAMS 0x0000000719b00000, 0x0000000719b00000| Complete 
| 240|0x0000000719c00000, 0x0000000719d00000, 0x0000000719d00000|100%| E|CS|TAMS 0x0000000719c00000, 0x0000000719c00000| Complete 
| 241|0x0000000719d00000, 0x0000000719e00000, 0x0000000719e00000|100%| E|CS|TAMS 0x0000000719d00000, 0x0000000719d00000| Complete 
| 242|0x0000000719e00000, 0x0000000719f00000, 0x0000000719f00000|100%| E|CS|TAMS 0x0000000719e00000, 0x0000000719e00000| Complete 
| 243|0x0000000719f00000, 0x000000071a000000, 0x000000071a000000|100%| E|CS|TAMS 0x0000000719f00000, 0x0000000719f00000| Complete 
| 244|0x000000071a000000, 0x000000071a100000, 0x000000071a100000|100%| E|CS|TAMS 0x000000071a000000, 0x000000071a000000| Complete 
| 245|0x000000071a100000, 0x000000071a200000, 0x000000071a200000|100%| E|CS|TAMS 0x000000071a100000, 0x000000071a100000| Complete 

Card table byte_map: [0x00007f3800856000,0x00007f3801000000] _byte_map_base: 0x00007f37fd000000

Marking Bits (Prev, Next): (CMBitMap*) 0x00007f381008d008, (CMBitMap*) 0x00007f381008d040
 Prev Bits: [0x00007f37f82b0000, 0x00007f37fc000000)
 Next Bits: [0x00007f37f4560000, 0x00007f37f82b0000)

Polling page: 0x00007f3815a37000

Metaspace:

Usage:
  Non-class:     13.12 MB capacity,    12.86 MB ( 98%) used,   231.24 KB (  2%) free+waste,    34.50 KB ( <1%) overhead. 
      Class:      1.66 MB capacity,     1.51 MB ( 91%) used,   132.65 KB (  8%) free+waste,    17.44 KB (  1%) overhead. 
       Both:     14.78 MB capacity,    14.37 MB ( 97%) used,   363.89 KB (  2%) free+waste,    51.94 KB ( <1%) overhead. 

Virtual space:
  Non-class space:       14.00 MB reserved,      13.25 MB ( 95%) committed 
      Class space:        1.00 GB reserved,       1.75 MB ( <1%) committed 
             Both:        1.01 GB reserved,      15.00 MB (  1%) committed 

Chunk freelists:
   Non-Class:  14.00 KB
       Class:  0 bytes
        Both:  14.00 KB

MaxMetaspaceSize: unlimited
CompressedClassSpaceSize: 1.00 GB
Initial GC threshold: 20.80 MB
Current GC threshold: 20.80 MB
CDS: off

CodeHeap 'non-profiled nmethods': size=119172Kb used=778Kb max_used=778Kb free=118393Kb
 bounds [0x00007f3808b9f000, 0x00007f3808e0f000, 0x00007f3810000000]
CodeHeap 'profiled nmethods': size=119168Kb used=3007Kb max_used=3007Kb free=116160Kb
 bounds [0x00007f380173f000, 0x00007f3801a2f000, 0x00007f3808b9f000]
CodeHeap 'non-nmethods': size=7420Kb used=2799Kb max_used=2866Kb free=4620Kb
 bounds [0x00007f3801000000, 0x00007f38012d0000, 0x00007f380173f000]
 total_blobs=1913 nmethods=1558 adapters=265
 compilation: enabled
              stopped_count=0, restarted_count=0
 full_count=0

Compilation events (20 events):
Event: 0.373 Thread 0x00007f3810246000 nmethod 1549 0x00007f3801a2c410 code [0x00007f3801a2c5c0, 0x00007f3801a2c7c0]
Event: 0.373 Thread 0x00007f3810246000 1550       3       com.sun.tools.javac.code.Symbol$ClassSymbol::flags (9 bytes)
Event: 0.373 Thread 0x00007f3810246000 nmethod 1550 0x00007f3801a2c890 code [0x00007f3801a2ca40, 0x00007f3801a2cb80]
Event: 0.374 Thread 0x00007f37ac0a6000 nmethod 1361 0x00007f3808c5a390 code [0x00007f3808c5a620, 0x00007f3808c5cd40]
Event: 0.374 Thread 0x00007f37bc0b7000 1552       1       com.sun.tools.javac.code.Type::getMetadata (5 bytes)
Event: 0.374 Thread 0x00007f37bc0b5000 1551       3       com.sun.tools.javac.code.Types$DefaultTypeVisitor::visit (7 bytes)
Event: 0.374 Thread 0x00007f37bc0b7000 nmethod 1552 0x00007f3808c5e390 code [0x00007f3808c5e540, 0x00007f3808c5e5f0]
Event: 0.374 Thread 0x00007f37ac033800 1553       4       java.nio.ByteBuffer::<init> (45 bytes)
Event: 0.374 Thread 0x00007f37bc0b5000 nmethod 1551 0x00007f3801a2cc10 code [0x00007f3801a2cdc0, 0x00007f3801a2cf80]
Event: 0.374 Thread 0x00007f37bc0f4000 1554       4       java.nio.ByteBuffer::limit (6 bytes)
Event: 0.375 Thread 0x00007f37bc0f4000 nmethod 1554 0x00007f3808c5e690 code [0x00007f3808c5e820, 0x00007f3808c5e918]
Event: 0.375 Thread 0x00007f37ac033800 nmethod 1553 0x00007f3808c5ea90 code [0x00007f3808c5ec20, 0x00007f3808c5edf8]
Event: 0.376 Thread 0x00007f37bc0b5000 1555       1       com.sun.tools.javac.code.Type$JCPrimitiveType::getTag (5 bytes)
Event: 0.376 Thread 0x00007f37bc0b5000 nmethod 1555 0x00007f3808c5ef10 code [0x00007f3808c5f0c0, 0x00007f3808c5f170]
Event: 0.376 Thread 0x00007f37bc0b5000 1556       3       com.sun.tools.javac.jvm.Code::typecode (141 bytes)
Event: 0.376 Thread 0x00007f37bc16a800 1557       3       com.sun.tools.javac.jvm.Code::width (42 bytes)
Event: 0.376 Thread 0x00007f37bc16a800 nmethod 1557 0x00007f3801a2d090 code [0x00007f3801a2d240, 0x00007f3801a2d3d0]
Event: 0.376 Thread 0x00007f37bc16a800 1558       3       com.sun.tools.javac.jvm.Code::width (16 bytes)
Event: 0.376 Thread 0x00007f37bc16a800 nmethod 1558 0x00007f3801a2d490 code [0x00007f3801a2d660, 0x00007f3801a2d7f0]
Event: 0.376 Thread 0x00007f37bc0b5000 nmethod 1556 0x00007f3801a2d890 code [0x00007f3801a2db40, 0x00007f3801a2e9d0]

GC Heap History (2 events):
Event: 0.237 GC heap before
{Heap before GC invocations=0 (full 0):
 garbage-first heap   total 251904K, used 23552K [0x000000070ac00000, 0x0000000800000000)
  region size 1024K, 24 young (24576K), 0 survivors (0K)
 Metaspace       used 13353K, capacity 13672K, committed 13824K, reserved 1060864K
  class space    used 1395K, capacity 1511K, committed 1536K, reserved 1048576K
}
Event: 0.238 GC heap after
{Heap after GC invocations=1 (full 0):
 garbage-first heap   total 251904K, used 2418K [0x000000070ac00000, 0x0000000800000000)
  region size 1024K, 3 young (3072K), 3 survivors (3072K)
 Metaspace       used 13353K, capacity 13672K, committed 13824K, reserved 1060864K
  class space    used 1395K, capacity 1511K, committed 1536K, reserved 1048576K
}

Deoptimization events (20 events):
Event: 0.359 Thread 0x00007f3810027000 Uncommon trap: trap_request=0xffffffde fr.pc=0x00007f3808c2e5c8 relative=0x0000000000000468
Event: 0.359 Thread 0x00007f3810027000 Uncommon trap: reason=class_check action=maybe_recompile pc=0x00007f3808c2e5c8 method=java.util.HashMap.getNode(ILjava/lang/Object;)Ljava/util/HashMap$Node; @ 59 c2
Event: 0.359 Thread 0x00007f3810027000 DEOPT PACKING pc=0x00007f3808c2e5c8 sp=0x00007f3815b91ab0
Event: 0.359 Thread 0x00007f3810027000 DEOPT UNPACKING pc=0x00007f3801049ea5 sp=0x00007f3815b919e8 mode 2
Event: 0.364 Thread 0x00007f3810027000 Uncommon trap: trap_request=0xffffffde fr.pc=0x00007f3808c2e5c8 relative=0x0000000000000468
Event: 0.364 Thread 0x00007f3810027000 Uncommon trap: reason=class_check action=maybe_recompile pc=0x00007f3808c2e5c8 method=java.util.HashMap.getNode(ILjava/lang/Object;)Ljava/util/HashMap$Node; @ 59 c2
Event: 0.364 Thread 0x00007f3810027000 DEOPT PACKING pc=0x00007f3808c2e5c8 sp=0x00007f3815b8fff0
Event: 0.364 Thread 0x00007f3810027000 DEOPT UNPACKING pc=0x00007f3801049ea5 sp=0x00007f3815b8ff28 mode 2
Event: 0.373 Thread 0x00007f3810027000 Uncommon trap: trap_request=0xffffffde fr.pc=0x00007f3808c4a7f4 relative=0x0000000000001734
Event: 0.373 Thread 0x00007f3810027000 Uncommon trap: reason=class_check action=maybe_recompile pc=0x00007f3808c4a7f4 method=java.util.HashMap.putVal(ILjava/lang/Object;Ljava/lang/Object;ZZ)Ljava/lang/Object; @ 253 c2
Event: 0.373 Thread 0x00007f3810027000 DEOPT PACKING pc=0x00007f3808c4a7f4 sp=0x00007f3815b923b0
Event: 0.373 Thread 0x00007f3810027000 DEOPT UNPACKING pc=0x00007f3801049ea5 sp=0x00007f3815b92308 mode 2
Event: 0.373 Thread 0x00007f3810027000 Uncommon trap: trap_request=0xffffffde fr.pc=0x00007f3808c4a7f4 relative=0x0000000000001734
Event: 0.373 Thread 0x00007f3810027000 Uncommon trap: reason=class_check action=maybe_recompile pc=0x00007f3808c4a7f4 method=java.util.HashMap.putVal(ILjava/lang/Object;Ljava/lang/Object;ZZ)Ljava/lang/Object; @ 253 c2
Event: 0.373 Thread 0x00007f3810027000 DEOPT PACKING pc=0x00007f3808c4a7f4 sp=0x00007f3815b923a0
Event: 0.373 Thread 0x00007f3810027000 DEOPT UNPACKING pc=0x00007f3801049ea5 sp=0x00007f3815b922f8 mode 2
Event: 0.374 Thread 0x00007f3810027000 Uncommon trap: trap_request=0xffffffde fr.pc=0x00007f3808c4a7f4 relative=0x0000000000001734
Event: 0.374 Thread 0x00007f3810027000 Uncommon trap: reason=class_check action=maybe_recompile pc=0x00007f3808c4a7f4 method=java.util.HashMap.putVal(ILjava/lang/Object;Ljava/lang/Object;ZZ)Ljava/lang/Object; @ 253 c2
Event: 0.374 Thread 0x00007f3810027000 DEOPT PACKING pc=0x00007f3808c4a7f4 sp=0x00007f3815b923a0
Event: 0.374 Thread 0x00007f3810027000 DEOPT UNPACKING pc=0x00007f3801049ea5 sp=0x00007f3815b922f8 mode 2

Classes redefined (0 events):
No events

Internal exceptions (20 events):
Event: 0.199 Thread 0x00007f3810027000 Exception <a 'sun/nio/fs/UnixException'{0x0000000718f031f0}> (0x0000000718f031f0) thrown at [src/hotspot/share/prims/jni.cpp, line 617]
Event: 0.199 Thread 0x00007f3810027000 Exception <a 'sun/nio/fs/UnixException'{0x0000000718f03c78}> (0x0000000718f03c78) thrown at [src/hotspot/share/prims/jni.cpp, line 617]
Event: 0.199 Thread 0x00007f3810027000 Exception <a 'sun/nio/fs/UnixException'{0x0000000718f04708}> (0x0000000718f04708) thrown at [src/hotspot/share/prims/jni.cpp, line 617]
Event: 0.199 Thread 0x00007f3810027000 Exception <a 'sun/nio/fs/UnixException'{0x0000000718f05198}> (0x0000000718f05198) thrown at [src/hotspot/share/prims/jni.cpp, line 617]
Event: 0.199 Thread 0x00007f3810027000 Exception <a 'sun/nio/fs/UnixException'{0x0000000718f05c20}> (0x0000000718f05c20) thrown at [src/hotspot/share/prims/jni.cpp, line 617]
Event: 0.199 Thread 0x00007f3810027000 Exception <a 'sun/nio/fs/UnixException'{0x0000000718f066a8}> (0x0000000718f066a8) thrown at [src/hotspot/share/prims/jni.cpp, line 617]
Event: 0.199 Thread 0x00007f3810027000 Exception <a 'sun/nio/fs/UnixException'{0x0000000718f07140}> (0x0000000718f07140) thrown at [src/hotspot/share/prims/jni.cpp, line 617]
Event: 0.199 Thread 0x00007f3810027000 Exception <a 'sun/nio/fs/UnixException'{0x0000000718f07bb8}> (0x0000000718f07bb8) thrown at [src/hotspot/share/prims/jni.cpp, line 617]
Event: 0.199 Thread 0x00007f3810027000 Exception <a 'sun/nio/fs/UnixException'{0x0000000718f08628}> (0x0000000718f08628) thrown at [src/hotspot/share/prims/jni.cpp, line 617]
Event: 0.199 Thread 0x00007f3810027000 Exception <a 'sun/nio/fs/UnixException'{0x0000000718f091d0}> (0x0000000718f091d0) thrown at [src/hotspot/share/prims/jni.cpp, line 617]
Event: 0.199 Thread 0x00007f3810027000 Exception <a 'sun/nio/fs/UnixException'{0x0000000718f09c60}> (0x0000000718f09c60) thrown at [src/hotspot/share/prims/jni.cpp, line 617]
Event: 0.199 Thread 0x00007f3810027000 Exception <a 'sun/nio/fs/UnixException'{0x0000000718f0a678}> (0x0000000718f0a678) thrown at [src/hotspot/share/prims/jni.cpp, line 617]
Event: 0.199 Thread 0x00007f3810027000 Exception <a 'sun/nio/fs/UnixException'{0x0000000718f0b0e8}> (0x0000000718f0b0e8) thrown at [src/hotspot/share/prims/jni.cpp, line 617]
Event: 0.199 Thread 0x00007f3810027000 Exception <a 'sun/nio/fs/UnixException'{0x0000000718f0bb58}> (0x0000000718f0bb58) thrown at [src/hotspot/share/prims/jni.cpp, line 617]
Event: 0.199 Thread 0x00007f3810027000 Exception <a 'sun/nio/fs/UnixException'{0x0000000718f0c5e8}> (0x0000000718f0c5e8) thrown at [src/hotspot/share/prims/jni.cpp, line 617]
Event: 0.199 Thread 0x00007f3810027000 Exception <a 'sun/nio/fs/UnixException'{0x0000000718f0d058}> (0x0000000718f0d058) thrown at [src/hotspot/share/prims/jni.cpp, line 617]
Event: 0.200 Thread 0x00007f3810027000 Exception <a 'java/lang/NoSuchMethodError'{0x0000000718f179a8}: 'java.lang.Object java.lang.invoke.DirectMethodHandle$Holder.invokeStaticInit(java.lang.Object)'> (0x0000000718f179a8) thrown at [src/hotspot/share/interpreter/linkResolver.cpp, line 772]
Event: 0.322 Thread 0x00007f3810027000 Exception <a 'java/lang/NoSuchMethodError'{0x0000000719076c88}: 'void java.lang.invoke.DirectMethodHandle$Holder.invokeVirtual(java.lang.Object, java.lang.Object, java.lang.Object)'> (0x0000000719076c88) thrown at [src/hotspot/share/interpreter/linkResolver.cpp, line 772]
Event: 0.348 Thread 0x00007f3810027000 Exception <a 'java/lang/NoSuchMethodError'{0x0000000718ac3158}: 'int java.lang.invoke.DirectMethodHandle$Holder.invokeSpecial(java.lang.Object, java.lang.Object, java.lang.Object)'> (0x0000000718ac3158) thrown at [src/hotspot/share/interpreter/linkResolver.cpp, line 772]
Event: 0.354 Thread 0x00007f3810027000 Exception <a 'java/lang/NoSuchMethodError'{0x0000000718629470}: 'void java.lang.invoke.DirectMethodHandle$Holder.invokeStatic(java.lang.Object)'> (0x0000000718629470) thrown at [src/hotspot/share/interpreter/linkResolver.cpp, line 772]

Events (20 events):
Event: 0.369 loading class com/sun/tools/javac/code/Type
Event: 0.369 loading class com/sun/tools/javac/code/Type done
Event: 0.369 loading class com/sun/tools/javac/code/Types$TypeMapping
Event: 0.369 loading class com/sun/tools/javac/code/Types$TypeMapping done
Event: 0.375 loading class com/sun/tools/javac/code/Symbol
Event: 0.375 loading class com/sun/tools/javac/code/Symbol done
Event: 0.375 loading class com/sun/tools/javac/code/Symbol
Event: 0.375 loading class com/sun/tools/javac/code/Symbol done
Event: 0.375 loading class com/sun/tools/javac/util/Filter
Event: 0.375 loading class com/sun/tools/javac/util/Filter done
Event: 0.376 loading class java/util/EnumMap$Values
Event: 0.376 loading class java/util/EnumMap$Values done
Event: 0.376 loading class java/util/EnumMap$ValueIterator
Event: 0.376 loading class java/util/EnumMap$EnumMapIterator
Event: 0.376 loading class java/util/EnumMap$EnumMapIterator done
Event: 0.376 loading class java/util/EnumMap$ValueIterator done
Event: 0.377 loading class test
Event: 0.377 loading class test done
Event: 0.377 loading class jdk/internal/perf/PerfCounter$CoreCounters
Event: 0.377 loading class jdk/internal/perf/PerfCounter$CoreCounters done


Dynamic libraries:
70ac00000-71a200000 rw-p 00000000 00:00 0 
71a200000-800000000 ---p 00000000 00:00 0 
800000000-8001c0000 rw-p 00000000 00:00 0 
8001c0000-840000000 ---p 00000000 00:00 0 
55d3de113000-55d3de114000 r--p 00000000 fd:02 16256199                   /home/ugrads/i/ivzap/documents/JDK_Research/jdk11u/build/linux-x86_64-normal-server-release/jdk/bin/java
55d3de114000-55d3de115000 r-xp 00001000 fd:02 16256199                   /home/ugrads/i/ivzap/documents/JDK_Research/jdk11u/build/linux-x86_64-normal-server-release/jdk/bin/java
55d3de115000-55d3de116000 r--p 00002000 fd:02 16256199                   /home/ugrads/i/ivzap/documents/JDK_Research/jdk11u/build/linux-x86_64-normal-server-release/jdk/bin/java
55d3de116000-55d3de117000 r--p 00002000 fd:02 16256199                   /home/ugrads/i/ivzap/documents/JDK_Research/jdk11u/build/linux-x86_64-normal-server-release/jdk/bin/java
55d3de117000-55d3de118000 rw-p 00003000 fd:02 16256199                   /home/ugrads/i/ivzap/documents/JDK_Research/jdk11u/build/linux-x86_64-normal-server-release/jdk/bin/java
55d3de3e6000-55d3de407000 rw-p 00000000 00:00 0                          [heap]
7f3784000000-7f3784021000 rw-p 00000000 00:00 0 
7f3784021000-7f3788000000 ---p 00000000 00:00 0 
7f3788000000-7f3788021000 rw-p 00000000 00:00 0 
7f3788021000-7f378c000000 ---p 00000000 00:00 0 
7f378c000000-7f378c021000 rw-p 00000000 00:00 0 
7f378c021000-7f3790000000 ---p 00000000 00:00 0 
7f3790000000-7f3790021000 rw-p 00000000 00:00 0 
7f3790021000-7f3794000000 ---p 00000000 00:00 0 
7f3794000000-7f3794021000 rw-p 00000000 00:00 0 
7f3794021000-7f3798000000 ---p 00000000 00:00 0 
7f3798000000-7f3798642000 rw-p 00000000 00:00 0 
7f3798642000-7f379c000000 ---p 00000000 00:00 0 
7f379c000000-7f379ca4b000 rw-p 00000000 00:00 0 
7f379ca4b000-7f37a0000000 ---p 00000000 00:00 0 
7f37a0000000-7f37a003f000 rw-p 00000000 00:00 0 
7f37a003f000-7f37a4000000 ---p 00000000 00:00 0 
7f37a4000000-7f37a4a2d000 rw-p 00000000 00:00 0 
7f37a4a2d000-7f37a8000000 ---p 00000000 00:00 0 
7f37a8000000-7f37a89d2000 rw-p 00000000 00:00 0 
7f37a89d2000-7f37ac000000 ---p 00000000 00:00 0 
7f37ac000000-7f37ac130000 rw-p 00000000 00:00 0 
7f37ac130000-7f37b0000000 ---p 00000000 00:00 0 
7f37b0000000-7f37b07cc000 rw-p 00000000 00:00 0 
7f37b07cc000-7f37b4000000 ---p 00000000 00:00 0 
7f37b4000000-7f37b4021000 rw-p 00000000 00:00 0 
7f37b4021000-7f37b8000000 ---p 00000000 00:00 0 
7f37b8000000-7f37b8146000 rw-p 00000000 00:00 0 
7f37b8146000-7f37bc000000 ---p 00000000 00:00 0 
7f37bc000000-7f37bc1b9000 rw-p 00000000 00:00 0 
7f37bc1b9000-7f37c0000000 ---p 00000000 00:00 0 
7f37c0000000-7f37c0021000 rw-p 00000000 00:00 0 
7f37c0021000-7f37c4000000 ---p 00000000 00:00 0 
7f37c4000000-7f37c4021000 rw-p 00000000 00:00 0 
7f37c4021000-7f37c8000000 ---p 00000000 00:00 0 
7f37c8000000-7f37c8910000 rw-p 00000000 00:00 0 
7f37c8910000-7f37cc000000 ---p 00000000 00:00 0 
7f37cc000000-7f37cc021000 rw-p 00000000 00:00 0 
7f37cc021000-7f37d0000000 ---p 00000000 00:00 0 
7f37d1a84000-7f37d1e4e000 rw-p 00000000 00:00 0 
7f37d1e4e000-7f37d1f0e000 ---p 00000000 00:00 0 
7f37d1f0e000-7f37d1f0f000 ---p 00000000 00:00 0 
7f37d1f0f000-7f37d2010000 rw-p 00000000 00:00 0 
7f37d2010000-7f37d2011000 ---p 00000000 00:00 0 
7f37d2011000-7f37d2112000 rw-p 00000000 00:00 0 
7f37d2112000-7f37d2113000 ---p 00000000 00:00 0 
7f37d2113000-7f37d2214000 rw-p 00000000 00:00 0 
7f37d2214000-7f37d2215000 ---p 00000000 00:00 0 
7f37d2215000-7f37d2316000 rw-p 00000000 00:00 0 
7f37d2316000-7f37d231a000 ---p 00000000 00:00 0 
7f37d231a000-7f37d2617000 rw-p 00000000 00:00 0 
7f37d2617000-7f37d2817000 rw-p 00000000 00:00 0 
7f37d2817000-7f37d2818000 ---p 00000000 00:00 0 
7f37d2818000-7f37d2919000 rw-p 00000000 00:00 0 
7f37d2919000-7f37d291d000 ---p 00000000 00:00 0 
7f37d291d000-7f37d2a1a000 rw-p 00000000 00:00 0 
7f37d2a1a000-7f37d2a1e000 ---p 00000000 00:00 0 
7f37d2a1e000-7f37d2b1b000 rw-p 00000000 00:00 0 
7f37d2b1b000-7f37d2b1f000 ---p 00000000 00:00 0 
7f37d2b1f000-7f37d2c1c000 rw-p 00000000 00:00 0 
7f37d2c1c000-7f37d2c20000 ---p 00000000 00:00 0 
7f37d2c20000-7f37d2d1d000 rw-p 00000000 00:00 0 
7f37d2d1d000-7f37d2d21000 ---p 00000000 00:00 0 
7f37d2d21000-7f37d2e1e000 rw-p 00000000 00:00 0 
7f37d2e1e000-7f37d2e22000 ---p 00000000 00:00 0 
7f37d2e22000-7f37d2f1f000 rw-p 00000000 00:00 0 
7f37d2f1f000-7f37d2f23000 ---p 00000000 00:00 0 
7f37d2f23000-7f37d3020000 rw-p 00000000 00:00 0 
7f37d3020000-7f37d3024000 ---p 00000000 00:00 0 
7f37d3024000-7f37d3121000 rw-p 00000000 00:00 0 
7f37d3121000-7f37d3125000 ---p 00000000 00:00 0 
7f37d3125000-7f37d3222000 rw-p 00000000 00:00 0 
7f37d3222000-7f37d4000000 r--p 00000000 fd:01 1873543                    /usr/lib/locale/locale-archive
7f37d4000000-7f37d4021000 rw-p 00000000 00:00 0 
7f37d4021000-7f37d8000000 ---p 00000000 00:00 0 
7f37d8000000-7f37d8021000 rw-p 00000000 00:00 0 
7f37d8021000-7f37dc000000 ---p 00000000 00:00 0 
7f37dc000000-7f37dc021000 rw-p 00000000 00:00 0 
7f37dc021000-7f37e0000000 ---p 00000000 00:00 0 
7f37e0000000-7f37e0021000 rw-p 00000000 00:00 0 
7f37e0021000-7f37e4000000 ---p 00000000 00:00 0 
7f37e4000000-7f37e4021000 rw-p 00000000 00:00 0 
7f37e4021000-7f37e8000000 ---p 00000000 00:00 0 
7f37e8000000-7f37e8021000 rw-p 00000000 00:00 0 
7f37e8021000-7f37ec000000 ---p 00000000 00:00 0 
7f37ec065000-7f37ec069000 ---p 00000000 00:00 0 
7f37ec069000-7f37ec166000 rw-p 00000000 00:00 0 
7f37ec166000-7f37ec16a000 ---p 00000000 00:00 0 
7f37ec16a000-7f37ec267000 rw-p 00000000 00:00 0 
7f37ec267000-7f37ec26b000 ---p 00000000 00:00 0 
7f37ec26b000-7f37ec368000 rw-p 00000000 00:00 0 
7f37ec368000-7f37ec36c000 ---p 00000000 00:00 0 
7f37ec36c000-7f37ec469000 rw-p 00000000 00:00 0 
7f37ec469000-7f37ec46d000 ---p 00000000 00:00 0 
7f37ec46d000-7f37ec56a000 rw-p 00000000 00:00 0 
7f37ec56a000-7f37ec56e000 ---p 00000000 00:00 0 
7f37ec56e000-7f37ec66b000 rw-p 00000000 00:00 0 
7f37ec66b000-7f37ec66c000 ---p 00000000 00:00 0 
7f37ec66c000-7f37ecfee000 rw-p 00000000 00:00 0 
7f37ecfee000-7f37ecfef000 ---p 00000000 00:00 0 
7f37ecfef000-7f37ed0f0000 rw-p 00000000 00:00 0 
7f37ed0f0000-7f37ed0f1000 ---p 00000000 00:00 0 
7f37ed0f1000-7f37f0000000 rw-p 00000000 00:00 0 
7f37f0000000-7f37f0021000 rw-p 00000000 00:00 0 
7f37f0021000-7f37f4000000 ---p 00000000 00:00 0 
7f37f401e000-7f37f404f000 rw-p 00000000 00:00 0 
7f37f404f000-7f37f4053000 r--p 00000000 fd:02 15207642                   /home/ugrads/i/ivzap/documents/JDK_Research/jdk11u/build/linux-x86_64-normal-server-release/jdk/lib/libnet.so
7f37f4053000-7f37f4062000 r-xp 00004000 fd:02 15207642                   /home/ugrads/i/ivzap/documents/JDK_Research/jdk11u/build/linux-x86_64-normal-server-release/jdk/lib/libnet.so
7f37f4062000-7f37f4066000 r--p 00013000 fd:02 15207642                   /home/ugrads/i/ivzap/documents/JDK_Research/jdk11u/build/linux-x86_64-normal-server-release/jdk/lib/libnet.so
7f37f4066000-7f37f4067000 r--p 00016000 fd:02 15207642                   /home/ugrads/i/ivzap/documents/JDK_Research/jdk11u/build/linux-x86_64-normal-server-release/jdk/lib/libnet.so
7f37f4067000-7f37f4068000 rw-p 00017000 fd:02 15207642                   /home/ugrads/i/ivzap/documents/JDK_Research/jdk11u/build/linux-x86_64-normal-server-release/jdk/lib/libnet.so
7f37f4068000-7f37f4169000 rw-p 00000000 00:00 0 
7f37f4169000-7f37f416a000 ---p 00000000 00:00 0 
7f37f416a000-7f37f426b000 rw-p 00000000 00:00 0 
7f37f426b000-7f37f426c000 ---p 00000000 00:00 0 
7f37f426c000-7f37f4938000 rw-p 00000000 00:00 0 
7f37f4938000-7f37f82b0000 ---p 00000000 00:00 0 
7f37f82b0000-7f37f8688000 rw-p 00000000 00:00 0 
7f37f8688000-7f37fc000000 ---p 00000000 00:00 0 
7f37fc000000-7f37fc021000 rw-p 00000000 00:00 0 
7f37fc021000-7f3800000000 ---p 00000000 00:00 0 
7f3800015000-7f380001c000 r--p 00000000 fd:02 15207644                   /home/ugrads/i/ivzap/documents/JDK_Research/jdk11u/build/linux-x86_64-normal-server-release/jdk/lib/libnio.so
7f380001c000-7f3800024000 r-xp 00007000 fd:02 15207644                   /home/ugrads/i/ivzap/documents/JDK_Research/jdk11u/build/linux-x86_64-normal-server-release/jdk/lib/libnio.so
7f3800024000-7f3800027000 r--p 0000f000 fd:02 15207644                   /home/ugrads/i/ivzap/documents/JDK_Research/jdk11u/build/linux-x86_64-normal-server-release/jdk/lib/libnio.so
7f3800027000-7f3800028000 r--p 00011000 fd:02 15207644                   /home/ugrads/i/ivzap/documents/JDK_Research/jdk11u/build/linux-x86_64-normal-server-release/jdk/lib/libnio.so
7f3800028000-7f3800029000 rw-p 00012000 fd:02 15207644                   /home/ugrads/i/ivzap/documents/JDK_Research/jdk11u/build/linux-x86_64-normal-server-release/jdk/lib/libnio.so
7f3800029000-7f3800127000 rw-p 00000000 00:00 0 
7f3800127000-7f3800856000 ---p 00000000 00:00 0 
7f3800856000-7f38008d1000 rw-p 00000000 00:00 0 
7f38008d1000-7f3801000000 ---p 00000000 00:00 0 
7f3801000000-7f38012d0000 rwxp 00000000 00:00 0 
7f38012d0000-7f380173f000 ---p 00000000 00:00 0 
7f380173f000-7f3801a2f000 rwxp 00000000 00:00 0 
7f3801a2f000-7f3808b9f000 ---p 00000000 00:00 0 
7f3808b9f000-7f3808e0f000 rwxp 00000000 00:00 0 
7f3808e0f000-7f3810000000 ---p 00000000 00:00 0 
7f3810000000-7f3810750000 rw-p 00000000 00:00 0 
7f3810750000-7f3814000000 ---p 00000000 00:00 0 
7f381400a000-7f3814011000 r--s 00000000 fd:01 1841316                    /usr/lib/x86_64-linux-gnu/gconv/gconv-modules.cache
7f3814011000-7f38140ce000 rw-p 00000000 00:00 0 
7f38140ce000-7f38147fd000 ---p 00000000 00:00 0 
7f38147fd000-7f381570c000 rw-p 00000000 00:00 0 
7f381570c000-7f381570d000 ---p 00000000 00:00 0 
7f381570d000-7f3815813000 rw-p 00000000 00:00 0 
7f3815813000-7f38158f7000 ---p 00000000 00:00 0 
7f38158f7000-7f38158fd000 rw-p 00000000 00:00 0 
7f38158fd000-7f38159e0000 ---p 00000000 00:00 0 
7f38159e0000-7f38159e6000 rw-p 00000000 00:00 0 
7f38159e6000-7f38159ef000 ---p 00000000 00:00 0 
7f38159ef000-7f38159f1000 r--p 00000000 fd:02 15207638                   /home/ugrads/i/ivzap/documents/JDK_Research/jdk11u/build/linux-x86_64-normal-server-release/jdk/lib/libzip.so
7f38159f1000-7f38159f6000 r-xp 00002000 fd:02 15207638                   /home/ugrads/i/ivzap/documents/JDK_Research/jdk11u/build/linux-x86_64-normal-server-release/jdk/lib/libzip.so
7f38159f6000-7f38159f8000 r--p 00007000 fd:02 15207638                   /home/ugrads/i/ivzap/documents/JDK_Research/jdk11u/build/linux-x86_64-normal-server-release/jdk/lib/libzip.so
7f38159f8000-7f38159f9000 r--p 00008000 fd:02 15207638                   /home/ugrads/i/ivzap/documents/JDK_Research/jdk11u/build/linux-x86_64-normal-server-release/jdk/lib/libzip.so
7f38159f9000-7f38159fa000 rw-p 00009000 fd:02 15207638                   /home/ugrads/i/ivzap/documents/JDK_Research/jdk11u/build/linux-x86_64-normal-server-release/jdk/lib/libzip.so
7f38159fa000-7f3815a02000 rw-s 00000000 fd:01 393980                     /tmp/hsperfdata_ivzap/2988910
7f3815a02000-7f3815a37000 r--s 00000000 fd:01 19088                      /var/cache/nscd/passwd
7f3815a37000-7f3815a38000 ---p 00000000 00:00 0 
7f3815a38000-7f3815a39000 r--p 00000000 00:00 0 
7f3815a39000-7f3815a3d000 r--p 00000000 fd:02 15207640                   /home/ugrads/i/ivzap/documents/JDK_Research/jdk11u/build/linux-x86_64-normal-server-release/jdk/lib/libjimage.so
7f3815a3d000-7f3815a51000 r-xp 00004000 fd:02 15207640                   /home/ugrads/i/ivzap/documents/JDK_Research/jdk11u/build/linux-x86_64-normal-server-release/jdk/lib/libjimage.so
7f3815a51000-7f3815a57000 r--p 00018000 fd:02 15207640                   /home/ugrads/i/ivzap/documents/JDK_Research/jdk11u/build/linux-x86_64-normal-server-release/jdk/lib/libjimage.so
7f3815a57000-7f3815a59000 r--p 0001d000 fd:02 15207640                   /home/ugrads/i/ivzap/documents/JDK_Research/jdk11u/build/linux-x86_64-normal-server-release/jdk/lib/libjimage.so
7f3815a59000-7f3815a5a000 rw-p 0001f000 fd:02 15207640                   /home/ugrads/i/ivzap/documents/JDK_Research/jdk11u/build/linux-x86_64-normal-server-release/jdk/lib/libjimage.so
7f3815a5a000-7f3815a68000 r--p 00000000 fd:02 15207630                   /home/ugrads/i/ivzap/documents/JDK_Research/jdk11u/build/linux-x86_64-normal-server-release/jdk/lib/libjava.so
7f3815a68000-7f3815a7f000 r-xp 0000e000 fd:02 15207630                   /home/ugrads/i/ivzap/documents/JDK_Research/jdk11u/build/linux-x86_64-normal-server-release/jdk/lib/libjava.so
7f3815a7f000-7f3815a86000 r--p 00025000 fd:02 15207630                   /home/ugrads/i/ivzap/documents/JDK_Research/jdk11u/build/linux-x86_64-normal-server-release/jdk/lib/libjava.so
7f3815a86000-7f3815a87000 r--p 0002b000 fd:02 15207630                   /home/ugrads/i/ivzap/documents/JDK_Research/jdk11u/build/linux-x86_64-normal-server-release/jdk/lib/libjava.so
7f3815a87000-7f3815a88000 rw-p 0002c000 fd:02 15207630                   /home/ugrads/i/ivzap/documents/JDK_Research/jdk11u/build/linux-x86_64-normal-server-release/jdk/lib/libjava.so
7f3815a88000-7f3815a89000 rw-p 00000000 00:00 0 
7f3815a89000-7f3815a8b000 r--p 00000000 fd:01 1841064                    /usr/lib/x86_64-linux-gnu/librt-2.31.so
7f3815a8b000-7f3815a8f000 r-xp 00002000 fd:01 1841064                    /usr/lib/x86_64-linux-gnu/librt-2.31.so
7f3815a8f000-7f3815a91000 r--p 00006000 fd:01 1841064                    /usr/lib/x86_64-linux-gnu/librt-2.31.so
7f3815a91000-7f3815a92000 r--p 00007000 fd:01 1841064                    /usr/lib/x86_64-linux-gnu/librt-2.31.so
7f3815a92000-7f3815a93000 rw-p 00008000 fd:01 1841064                    /usr/lib/x86_64-linux-gnu/librt-2.31.so
7f3815a93000-7f3815a97000 ---p 00000000 00:00 0 
7f3815a97000-7f3815b94000 rw-p 00000000 00:00 0 
7f3815b94000-7f3815ba1000 r--p 00000000 fd:01 1841051                    /usr/lib/x86_64-linux-gnu/libm-2.31.so
7f3815ba1000-7f3815c48000 r-xp 0000d000 fd:01 1841051                    /usr/lib/x86_64-linux-gnu/libm-2.31.so
7f3815c48000-7f3815ce1000 r--p 000b4000 fd:01 1841051                    /usr/lib/x86_64-linux-gnu/libm-2.31.so
7f3815ce1000-7f3815ce2000 r--p 0014c000 fd:01 1841051                    /usr/lib/x86_64-linux-gnu/libm-2.31.so
7f3815ce2000-7f3815ce3000 rw-p 0014d000 fd:01 1841051                    /usr/lib/x86_64-linux-gnu/libm-2.31.so
7f3815ce3000-7f3815f6e000 r--p 00000000 fd:02 15206959                   /home/ugrads/i/ivzap/documents/JDK_Research/jdk11u/build/linux-x86_64-normal-server-release/jdk/lib/server/libjvm.so
7f3815f6e000-7f3816c15000 r-xp 0028b000 fd:02 15206959                   /home/ugrads/i/ivzap/documents/JDK_Research/jdk11u/build/linux-x86_64-normal-server-release/jdk/lib/server/libjvm.so
7f3816c15000-7f3816e8e000 r--p 00f32000 fd:02 15206959                   /home/ugrads/i/ivzap/documents/JDK_Research/jdk11u/build/linux-x86_64-normal-server-release/jdk/lib/server/libjvm.so
7f3816e8e000-7f3816e8f000 ---p 011ab000 fd:02 15206959                   /home/ugrads/i/ivzap/documents/JDK_Research/jdk11u/build/linux-x86_64-normal-server-release/jdk/lib/server/libjvm.so
7f3816e8f000-7f3816f57000 r--p 011ab000 fd:02 15206959                   /home/ugrads/i/ivzap/documents/JDK_Research/jdk11u/build/linux-x86_64-normal-server-release/jdk/lib/server/libjvm.so
7f3816f57000-7f3816f91000 rw-p 01273000 fd:02 15206959                   /home/ugrads/i/ivzap/documents/JDK_Research/jdk11u/build/linux-x86_64-normal-server-release/jdk/lib/server/libjvm.so
7f3816f91000-7f3816fed000 rw-p 00000000 00:00 0 
7f3816fed000-7f3816ff3000 r--p 00000000 fd:01 1841062                    /usr/lib/x86_64-linux-gnu/libpthread-2.31.so
7f3816ff3000-7f3817004000 r-xp 00006000 fd:01 1841062                    /usr/lib/x86_64-linux-gnu/libpthread-2.31.so
7f3817004000-7f381700a000 r--p 00017000 fd:01 1841062                    /usr/lib/x86_64-linux-gnu/libpthread-2.31.so
7f381700a000-7f381700b000 r--p 0001c000 fd:01 1841062                    /usr/lib/x86_64-linux-gnu/libpthread-2.31.so
7f381700b000-7f381700c000 rw-p 0001d000 fd:01 1841062                    /usr/lib/x86_64-linux-gnu/libpthread-2.31.so
7f381700c000-7f3817010000 rw-p 00000000 00:00 0 
7f3817010000-7f3817011000 r--p 00000000 fd:01 1841050                    /usr/lib/x86_64-linux-gnu/libdl-2.31.so
7f3817011000-7f3817013000 r-xp 00001000 fd:01 1841050                    /usr/lib/x86_64-linux-gnu/libdl-2.31.so
7f3817013000-7f3817014000 r--p 00003000 fd:01 1841050                    /usr/lib/x86_64-linux-gnu/libdl-2.31.so
7f3817014000-7f3817015000 r--p 00003000 fd:01 1841050                    /usr/lib/x86_64-linux-gnu/libdl-2.31.so
7f3817015000-7f3817016000 rw-p 00004000 fd:01 1841050                    /usr/lib/x86_64-linux-gnu/libdl-2.31.so
7f3817016000-7f3817018000 r--p 00000000 fd:01 1836598                    /usr/lib/x86_64-linux-gnu/libz.so.1.2.11
7f3817018000-7f3817029000 r-xp 00002000 fd:01 1836598                    /usr/lib/x86_64-linux-gnu/libz.so.1.2.11
7f3817029000-7f381702f000 r--p 00013000 fd:01 1836598                    /usr/lib/x86_64-linux-gnu/libz.so.1.2.11
7f381702f000-7f3817030000 ---p 00019000 fd:01 1836598                    /usr/lib/x86_64-linux-gnu/libz.so.1.2.11
7f3817030000-7f3817031000 r--p 00019000 fd:01 1836598                    /usr/lib/x86_64-linux-gnu/libz.so.1.2.11
7f3817031000-7f3817032000 rw-p 0001a000 fd:01 1836598                    /usr/lib/x86_64-linux-gnu/libz.so.1.2.11
7f3817032000-7f3817054000 r--p 00000000 fd:01 1841049                    /usr/lib/x86_64-linux-gnu/libc-2.31.so
7f3817054000-7f38171cc000 r-xp 00022000 fd:01 1841049                    /usr/lib/x86_64-linux-gnu/libc-2.31.so
7f38171cc000-7f381721a000 r--p 0019a000 fd:01 1841049                    /usr/lib/x86_64-linux-gnu/libc-2.31.so
7f381721a000-7f381721e000 r--p 001e7000 fd:01 1841049                    /usr/lib/x86_64-linux-gnu/libc-2.31.so
7f381721e000-7f3817220000 rw-p 001eb000 fd:01 1841049                    /usr/lib/x86_64-linux-gnu/libc-2.31.so
7f3817220000-7f3817224000 rw-p 00000000 00:00 0 
7f3817225000-7f381722a000 r--p 00000000 fd:02 15207624                   /home/ugrads/i/ivzap/documents/JDK_Research/jdk11u/build/linux-x86_64-normal-server-release/jdk/lib/libverify.so
7f381722a000-7f3817231000 r-xp 00005000 fd:02 15207624                   /home/ugrads/i/ivzap/documents/JDK_Research/jdk11u/build/linux-x86_64-normal-server-release/jdk/lib/libverify.so
7f3817231000-7f3817233000 r--p 0000c000 fd:02 15207624                   /home/ugrads/i/ivzap/documents/JDK_Research/jdk11u/build/linux-x86_64-normal-server-release/jdk/lib/libverify.so
7f3817233000-7f3817234000 ---p 0000e000 fd:02 15207624                   /home/ugrads/i/ivzap/documents/JDK_Research/jdk11u/build/linux-x86_64-normal-server-release/jdk/lib/libverify.so
7f3817234000-7f3817236000 r--p 0000e000 fd:02 15207624                   /home/ugrads/i/ivzap/documents/JDK_Research/jdk11u/build/linux-x86_64-normal-server-release/jdk/lib/libverify.so
7f3817236000-7f3817237000 rw-p 00010000 fd:02 15207624                   /home/ugrads/i/ivzap/documents/JDK_Research/jdk11u/build/linux-x86_64-normal-server-release/jdk/lib/libverify.so
7f3817237000-7f381723a000 r--p 00000000 fd:02 15337689                   /home/ugrads/i/ivzap/documents/JDK_Research/jdk11u/build/linux-x86_64-normal-server-release/jdk/lib/jli/libjli.so
7f381723a000-7f3817244000 r-xp 00003000 fd:02 15337689                   /home/ugrads/i/ivzap/documents/JDK_Research/jdk11u/build/linux-x86_64-normal-server-release/jdk/lib/jli/libjli.so
7f3817244000-7f3817247000 r--p 0000d000 fd:02 15337689                   /home/ugrads/i/ivzap/documents/JDK_Research/jdk11u/build/linux-x86_64-normal-server-release/jdk/lib/jli/libjli.so
7f3817247000-7f3817248000 ---p 00010000 fd:02 15337689                   /home/ugrads/i/ivzap/documents/JDK_Research/jdk11u/build/linux-x86_64-normal-server-release/jdk/lib/jli/libjli.so
7f3817248000-7f3817249000 r--p 00010000 fd:02 15337689                   /home/ugrads/i/ivzap/documents/JDK_Research/jdk11u/build/linux-x86_64-normal-server-release/jdk/lib/jli/libjli.so
7f3817249000-7f381724a000 rw-p 00011000 fd:02 15337689                   /home/ugrads/i/ivzap/documents/JDK_Research/jdk11u/build/linux-x86_64-normal-server-release/jdk/lib/jli/libjli.so
7f381724a000-7f381724c000 rw-p 00000000 00:00 0 
7f381724c000-7f381724d000 r--p 00000000 fd:01 1835888                    /usr/lib/x86_64-linux-gnu/ld-2.31.so
7f381724d000-7f3817270000 r-xp 00001000 fd:01 1835888                    /usr/lib/x86_64-linux-gnu/ld-2.31.so
7f3817270000-7f3817278000 r--p 00024000 fd:01 1835888                    /usr/lib/x86_64-linux-gnu/ld-2.31.so
7f3817279000-7f381727a000 r--p 0002c000 fd:01 1835888                    /usr/lib/x86_64-linux-gnu/ld-2.31.so
7f381727a000-7f381727b000 rw-p 0002d000 fd:01 1835888                    /usr/lib/x86_64-linux-gnu/ld-2.31.so
7f381727b000-7f381727c000 rw-p 00000000 00:00 0 
7ffdbcff3000-7ffdbd014000 rw-p 00000000 00:00 0                          [stack]
7ffdbd0ca000-7ffdbd0ce000 r--p 00000000 00:00 0                          [vvar]
7ffdbd0ce000-7ffdbd0d0000 r-xp 00000000 00:00 0                          [vdso]
ffffffffff600000-ffffffffff601000 --xp 00000000 00:00 0                  [vsyscall]


VM Arguments:
jvm_args: --add-modules=ALL-DEFAULT 
java_command: jdk.compiler/com.sun.tools.javac.launcher.Main test.java
java_class_path (initial): .
Launcher Type: SUN_STANDARD

[Global flags]
     intx CICompilerCount                          = 12                                        {product} {ergonomic}
     uint ConcGCThreads                            = 4                                         {product} {ergonomic}
     uint G1ConcRefinementThreads                  = 15                                        {product} {ergonomic}
   size_t G1HeapRegionSize                         = 1048576                                   {product} {ergonomic}
    uintx GCDrainStackTargetSize                   = 64                                        {product} {ergonomic}
   size_t InitialHeapSize                          = 257949696                                 {product} {ergonomic}
   size_t MarkStackSize                            = 4194304                                   {product} {ergonomic}
   size_t MaxHeapSize                              = 4114612224                                {product} {ergonomic}
   size_t MaxNewSize                               = 2468347904                                {product} {ergonomic}
   size_t MinHeapDeltaBytes                        = 1048576                                   {product} {ergonomic}
    uintx NonNMethodCodeHeapSize                   = 7594288                                {pd product} {ergonomic}
    uintx NonProfiledCodeHeapSize                  = 122031976                              {pd product} {ergonomic}
    uintx ProfiledCodeHeapSize                     = 122031976                              {pd product} {ergonomic}
    uintx ReservedCodeCacheSize                    = 251658240                              {pd product} {ergonomic}
     bool SegmentedCodeCache                       = true                                      {product} {ergonomic}
     bool UseCompressedClassPointers               = true                                 {lp64_product} {ergonomic}
     bool UseCompressedOops                        = true                                 {lp64_product} {ergonomic}
     bool UseG1GC                                  = true                                      {product} {ergonomic}

Logging:
Log output configuration:
 #0: stdout all=warning uptime,level,tags
 #1: stderr all=off uptime,level,tags

Environment Variables:
JAVA_HOME=/usr/lib/jvm/java-11-openjdk-amd64
PATH=/home/ugrads/i/ivzap/.vscode-server/bin/ee2b180d582a7f601fa6ecfdad8d9fd269ab1884/bin/remote-cli:/home/ugrads/i/ivzap/.local/bin:/opt/coe/bin:/home/ugrads/i/ivzap/.local/bin:/opt/coe/bin:/usr/local/sbin:/usr/local/bin:/usr/sbin:/usr/bin:/sbin:/bin:/usr/games:/usr/local/games:/snap/bin:/home/ugrads/i/ivzap/.fzf/bin
SHELL=/bin/bash
LANG=en_US.UTF-8
TERM=xterm-256color

Signal Handlers:
SIGSEGV: [libjvm.so+0xe1bbe0], sa_mask[0]=11111111011111111101111111111110, sa_flags=SA_RESTART|SA_SIGINFO
SIGBUS: [libjvm.so+0xe1bbe0], sa_mask[0]=11111111011111111101111111111110, sa_flags=SA_RESTART|SA_SIGINFO
SIGFPE: [libjvm.so+0xe1bbe0], sa_mask[0]=11111111011111111101111111111110, sa_flags=SA_RESTART|SA_SIGINFO
SIGPIPE: [libjvm.so+0xc107a0], sa_mask[0]=11111111011111111101111111111110, sa_flags=SA_RESTART|SA_SIGINFO
SIGXFSZ: [libjvm.so+0xc107a0], sa_mask[0]=11111111011111111101111111111110, sa_flags=SA_RESTART|SA_SIGINFO
SIGILL: [libjvm.so+0xe1bbe0], sa_mask[0]=11111111011111111101111111111110, sa_flags=SA_RESTART|SA_SIGINFO
SIGUSR2: [libjvm.so+0xc10640], sa_mask[0]=00000000000000000000000000000000, sa_flags=SA_RESTART|SA_SIGINFO
SIGHUP: [libjvm.so+0xc10d20], sa_mask[0]=11111111011111111101111111111110, sa_flags=SA_RESTART|SA_SIGINFO
SIGINT: [libjvm.so+0xc10d20], sa_mask[0]=11111111011111111101111111111110, sa_flags=SA_RESTART|SA_SIGINFO
SIGTERM: [libjvm.so+0xc10d20], sa_mask[0]=11111111011111111101111111111110, sa_flags=SA_RESTART|SA_SIGINFO
SIGQUIT: [libjvm.so+0xc10d20], sa_mask[0]=11111111011111111101111111111110, sa_flags=SA_RESTART|SA_SIGINFO


---------------  S Y S T E M  ---------------

OS:DISTRIB_ID=Ubuntu
DISTRIB_RELEASE=20.04
DISTRIB_CODENAME=focal
DISTRIB_DESCRIPTION="Ubuntu 20.04.5 LTS"
uname:Linux 5.15.0-56-generic #62~20.04.1-Ubuntu SMP Tue Nov 22 21:24:20 UTC 2022 x86_64
OS uptime: 102 days 1:00 hours
libc:glibc 2.31 NPTL 2.31 
rlimit (soft/hard): STACK 8192k/infinity , CORE 0k/infinity , NPROC 62225/62225 , NOFILE 1048576/1048576 , AS infinity/infinity , CPU infinity/infinity , DATA infinity/infinity , FSIZE infinity/infinity , MEMLOCK 65536k/65536k
load average:12.82 12.37 6.14

/proc/meminfo:
MemTotal:       16065400 kB
MemFree:         1679996 kB
MemAvailable:    4778852 kB
Buffers:          166112 kB
Cached:          2906180 kB
SwapCached:       167988 kB
Active:          1971856 kB
Inactive:       11239572 kB
Active(anon):     564044 kB
Inactive(anon):  9639996 kB
Active(file):    1407812 kB
Inactive(file):  1599576 kB
Unevictable:       25260 kB
Mlocked:              64 kB
SwapTotal:       8040444 kB
SwapFree:            176 kB
Dirty:            428644 kB
Writeback:             0 kB
AnonPages:       9976064 kB
Mapped:           157592 kB
Shmem:             64904 kB
KReclaimable:     434116 kB
Slab:             689224 kB
SReclaimable:     434116 kB
SUnreclaim:       255108 kB
KernelStack:       42212 kB
PageTables:        98340 kB
NFS_Unstable:          0 kB
Bounce:                0 kB
WritebackTmp:          0 kB
CommitLimit:    16073144 kB
Committed_AS:   24978848 kB
VmallocTotal:   34359738367 kB
VmallocUsed:      108968 kB
VmallocChunk:          0 kB
Percpu:            44064 kB
HardwareCorrupted:     0 kB
AnonHugePages:         0 kB
ShmemHugePages:        0 kB
ShmemPmdMapped:        0 kB
FileHugePages:         0 kB
FilePmdMapped:         0 kB
HugePages_Total:       0
HugePages_Free:        0
HugePages_Rsvd:        0
HugePages_Surp:        0
Hugepagesize:       2048 kB
Hugetlb:               0 kB
DirectMap4k:     1090676 kB
DirectMap2M:    11173888 kB
DirectMap1G:     5242880 kB

/sys/kernel/mm/transparent_hugepage/enabled:
always [madvise] never
/sys/kernel/mm/transparent_hugepage/defrag (defrag/compaction efforts parameter):
always defer defer+madvise [madvise] never

Process Memory:
Virtual Size: 7450244K (peak: 7450244K)
Resident Set Size: 140260K (peak: 140260K) (anon: 122080K, file: 18180K, shmem: 0K)
Swapped out: 0K
C-Heap outstanding allocations: 77775K, retained: 25272K
glibc malloc tunables: (default)

/proc/sys/kernel/threads-max (system-wide limit on the number of threads):
124451
/proc/sys/vm/max_map_count (maximum number of memory map areas a process may have):
65530
/proc/sys/kernel/pid_max (system-wide limit on number of process identifiers):
4194304

container (cgroup) information:
container_type: cgroupv1
cpu_cpuset_cpus: 0-19
cpu_memory_nodes: 0
active_processor_count: 20
cpu_quota: no quota
cpu_period: 100000
cpu_shares: no shares
memory_limit_in_bytes: unlimited
memory_and_swap_limit_in_bytes: unlimited
memory_soft_limit_in_bytes: unlimited
memory_usage_in_bytes: 9993408 k
memory_max_usage_in_bytes: 11551068 k
kernel_memory_usage_in_bytes: 347356 k
kernel_memory_max_usage_in_bytes: unlimited
kernel_memory_limit_in_bytes: 357312 k
maximum number of tasks: unlimited
current number of tasks: 192

Steal ticks since vm start: 0
Steal ticks percentage since vm start:  0.000

CPU:total 20 (initial active 20) (10 cores per cpu, 2 threads per core) family 6 model 151 stepping 2 microcode 0x22, cmov, cx8, fxsr, mmx, sse, sse2, sse3, ssse3, sse4.1, sse4.2, popcnt, avx, avx2, aes, clmul, erms, 3dnowpref, lzcnt, ht, tsc, tscinvbit, bmi1, bmi2, adx, sha, fma
CPU Model and flags from /proc/cpuinfo:
model name	: 12th Gen Intel(R) Core(TM) i7-12700
flags		: fpu vme de pse tsc msr pae mce cx8 apic sep mtrr pge mca cmov pat pse36 clflush dts acpi mmx fxsr sse sse2 ss ht tm pbe syscall nx pdpe1gb rdtscp lm constant_tsc art arch_perfmon pebs bts rep_good nopl xtopology nonstop_tsc cpuid aperfmperf tsc_known_freq pni pclmulqdq dtes64 monitor ds_cpl vmx smx est tm2 ssse3 sdbg fma cx16 xtpr pdcm pcid sse4_1 sse4_2 x2apic movbe popcnt tsc_deadline_timer aes xsave avx f16c rdrand lahf_lm abm 3dnowprefetch cpuid_fault epb invpcid_single ssbd ibrs ibpb stibp ibrs_enhanced tpr_shadow vnmi flexpriority ept vpid ept_ad fsgsbase tsc_adjust bmi1 avx2 smep bmi2 erms invpcid rdseed adx smap clflushopt clwb intel_pt sha_ni xsaveopt xsavec xgetbv1 xsaves split_lock_detect avx_vnni dtherm ida arat pln pts hwp hwp_notify hwp_act_window hwp_epp hwp_pkg_req umip pku ospke waitpkg gfni vaes vpclmulqdq tme rdpid movdiri movdir64b fsrm md_clear serialize pconfig arch_lbr flush_l1d arch_capabilities
Online cpus:
0-19
Offline cpus:

BIOS frequency limitation:
<Not Available>
Frequency switch latency (ns):
0
Available cpu frequencies:
<Not Available>
Current governor:
powersave
Core performance/turbo boost:
<Not Available>

Memory: 4k page, physical 16065400k(2305784k free), swap 8040444k(176k free)

vm_info: OpenJDK 64-Bit Server VM (11.0.19-internal+0-adhoc.ivzap.jdk11u) for linux-amd64 JRE (11.0.19-internal+0-adhoc.ivzap.jdk11u), built on Mar 31 2023 21:13:54 by "ivzap" with gcc 9.4.0

END.
