#
# A fatal error has been detected by the Java Runtime Environment:
#
#  SIGSEGV (0xb) at pc=0x00007fd575b74b41, pid=3054166, tid=3054171
#
# JRE version:  (11.0.19) (build )
# Java VM: OpenJDK 64-Bit Server VM (11.0.19-internal+0-adhoc.ivzap.jdk11u, mixed mode, tiered, compressed oops, serial gc, linux-amd64)
# Problematic frame:
# C  [libc.so.6+0x18bb41]
#
# Core dump will be written. Default location: Core dumps may be processed with "/usr/share/apport/apport -p%p -s%s -c%c -d%d -P%P -u%u -g%g -- %E" (or dumping to /home/ugrads/i/ivzap/documents/JDK_Research/jdk11u/make/core.3054166)
#
#

---------------  S U M M A R Y ------------

Command Line: -Xms64M -Xmx1600M -XX:ThreadStackSize=1536 -XX:+UseSerialGC -Xms32M -Xmx512M -XX:TieredStopAtLevel=1 --add-exports=java.base/jdk.internal.module=ALL-UNNAMED build.tools.jigsaw.AddPackagesAttribute /home/ugrads/i/ivzap/documents/JDK_Research/jdk11u/build/linux-x86_64-normal-server-release/jdk

Host: 12th Gen Intel(R) Core(TM) i7-12700, 20 cores, 15G, Ubuntu 20.04.5 LTS
Time: Fri Mar 31 16:25:40 2023 CDT elapsed time: 0.030866 seconds (0d 0h 0m 0s)

---------------  T H R E A D  ---------------

Current thread (0x00007fd570026800):  JavaThread "Unknown thread" [_thread_in_vm, id=3054171, stack(0x00007fd57444a000,0x00007fd57454b000)]

Stack: [0x00007fd57444a000,0x00007fd57454b000],  sp=0x00007fd5745498b8,  free space=1022k
Native frames: (J=compiled Java code, A=aot compiled Java code, j=interpreted, Vv=VM code, C=native code)
C  [libc.so.6+0x18bb41]
V  [libjvm.so+0xb730bb]  MemAllocator::allocate() const+0x7b
V  [libjvm.so+0x61ed18]  CollectedHeap::array_allocate(Klass*, int, int, bool, Thread*)+0x48
V  [libjvm.so+0xdd5f3a]  TypeArrayKlass::allocate_common(int, bool, Thread*)+0x8a
V  [libjvm.so+0xd7b118]  SystemDictionary::initialize(Thread*)+0x108
V  [libjvm.so+0xdd7818]  Universe::genesis(Thread*)+0x3f8
V  [libjvm.so+0xdd8321]  universe2_init()+0x31
V  [libjvm.so+0x8715bd]  init_globals()+0xad
V  [libjvm.so+0xdb0c52]  Threads::create_vm(JavaVMInitArgs*, bool*)+0x4b2
V  [libjvm.so+0x926f45]  JNI_CreateJavaVM+0x55
C  [libjli.so+0x4f6f]  JavaMain+0x9f
C  [libjli.so+0x9ead]  ThreadJavaMain+0xd


siginfo: si_signo: 11 (SIGSEGV), si_code: 2 (SEGV_ACCERR), si_addr: 0x00000000e0aa0000

Registers:
RAX=0x0000000000000000, RBX=0x00007fd574549970, RCX=0xffffffffff560010, RDX=0x00000000e0000018
RSP=0x00007fd5745498b8, RBP=0x00007fd5745498e0, RSI=0x0000000000000000, RDI=0x00000000e0aa0000
R8 =0x00007fd57003af50, R9 =0x000000000002b860, R10=0xffffffffffffffff, R11=0x0000000000000000
R12=0x00000000e0000000, R13=0x00007fd57595b3ec, R14=0x0000000000000001, R15=0x00007fd570025910
RIP=0x00007fd575b74b41, EFLAGS=0x0000000000010282, CSGSFS=0x002b000000000033, ERR=0x0000000000000006
  TRAPNO=0x000000000000000e

Top of Stack: (sp=0x00007fd5745498b8)
0x00007fd5745498b8:   00007fd57520c865 00007fd57004df30
0x00007fd5745498c8:   00007fd574549970 00007fd574549900
0x00007fd5745498d8:   0000000000000000 00007fd574549960
0x00007fd5745498e8:   00007fd57520d0bb 0000000000000000 

Instructions: (pc=0x00007fd575b74b41)
0x00007fd575b74a41:   ff ff 0f 18 89 80 fe ff ff 0f 18 89 40 fe ff ff
0x00007fd575b74a51:   c5 fe 6f 01 c5 fe 6f 49 e0 c5 fe 6f 51 c0 c5 fe
0x00007fd575b74a61:   6f 59 a0 48 81 e9 80 00 00 00 48 81 ea 80 00 00
0x00007fd575b74a71:   00 c4 c1 7d e7 01 c4 c1 7d e7 49 e0 c4 c1 7d e7
0x00007fd575b74a81:   51 c0 c4 c1 7d e7 59 a0 49 81 e9 80 00 00 00 48
0x00007fd575b74a91:   81 fa 80 00 00 00 77 9c 0f ae f8 c5 fe 7f 27 c5
0x00007fd575b74aa1:   fe 7f 6f 20 c5 fe 7f 77 40 c5 fe 7f 7f 60 c4 41
0x00007fd575b74ab1:   7e 7f 03 c5 f8 77 c3 0f 1f 84 00 00 00 00 00 f3
0x00007fd575b74ac1:   0f 1e fa 48 39 d1 0f 82 73 28 fa ff 0f 1f 00 f3
0x00007fd575b74ad1:   0f 1e fa 48 c1 e2 02 c5 f9 6e c6 48 89 f8 c4 e2
0x00007fd575b74ae1:   7d 58 c0 eb 2a 66 2e 0f 1f 84 00 00 00 00 00 f3
0x00007fd575b74af1:   0f 1e fa 48 39 d1 0f 82 43 28 fa ff 0f 1f 00 f3
0x00007fd575b74b01:   0f 1e fa c5 f9 6e c6 48 89 f8 c4 e2 7d 78 c0 48
0x00007fd575b74b11:   83 fa 20 0f 82 04 01 00 00 48 83 fa 40 77 77 c5
0x00007fd575b74b21:   fe 7f 44 17 e0 c5 fe 7f 07 c5 f8 77 c3 66 90 f3
0x00007fd575b74b31:   0f 1e fa c5 f8 77 48 89 d1 40 0f b6 c6 48 89 fa
0x00007fd575b74b41:   f3 aa 48 89 d0 c3 66 0f 1f 84 00 00 00 00 00 f3
0x00007fd575b74b51:   0f 1e fa 48 39 d1 0f 82 e3 27 fa ff 0f 1f 00 f3
0x00007fd575b74b61:   0f 1e fa c5 f9 6e c6 48 89 f8 c4 e2 7d 78 c0 48
0x00007fd575b74b71:   83 fa 20 0f 82 a4 00 00 00 48 83 fa 40 77 0e c5
0x00007fd575b74b81:   fe 7f 44 17 e0 c5 fe 7f 07 c5 f8 77 c3 48 81 fa
0x00007fd575b74b91:   00 08 00 00 77 9d 48 81 fa 80 00 00 00 77 19 c5
0x00007fd575b74ba1:   fe 7f 07 c5 fe 7f 47 20 c5 fe 7f 44 17 e0 c5 fe
0x00007fd575b74bb1:   7f 44 17 c0 c5 f8 77 c3 48 8d 8f 80 00 00 00 c5
0x00007fd575b74bc1:   fe 7f 07 48 83 e1 80 c5 fe 7f 44 17 e0 c5 fe 7f
0x00007fd575b74bd1:   47 20 c5 fe 7f 44 17 c0 c5 fe 7f 47 40 c5 fe 7f
0x00007fd575b74be1:   44 17 a0 c5 fe 7f 47 60 c5 fe 7f 44 17 80 48 01
0x00007fd575b74bf1:   fa 48 83 e2 80 48 39 d1 74 ba c5 fd 7f 01 c5 fd
0x00007fd575b74c01:   7f 41 20 c5 fd 7f 41 40 c5 fd 7f 41 60 48 81 c1
0x00007fd575b74c11:   80 00 00 00 48 39 ca 75 e1 c5 f8 77 c3 80 fa 10
0x00007fd575b74c21:   73 1c c4 e1 f9 7e c1 80 fa 08 73 20 80 fa 04 73
0x00007fd575b74c31:   27 80 fa 01 77 2c 72 02 88 0f c5 f8 77 c3 c5 fa 



---------------  P R O C E S S  ---------------

Threads class SMR info:
_java_thread_list=0x0000556a5b8e3090, length=0, elements={
}

Java Threads: ( => current thread )

Other Threads:

=>0x00007fd570026800 (exited) JavaThread "Unknown thread" [_thread_in_vm, id=3054171, stack(0x00007fd57444a000,0x00007fd57454b000)]

Threads with active compile tasks:

VM state:not at safepoint (not fully initialized)

VM Mutex/Monitor currently owned by a thread: None

Heap address: 0x00000000e0000000, size: 512 MB, Compressed Oops mode: 32-bit
Narrow klass base: 0x0000000000000000, Narrow klass shift: 3
Compressed class space size: 1073741824 Address: 0x0000000100000000

GC Heap History (0 events):
No events

Deoptimization events (0 events):
No events

Classes redefined (0 events):
No events

Internal exceptions (0 events):
No events

Events (2 events):
Event: 0.003 Protecting memory [0x00007fd57444a000,0x00007fd57444e000] with protection modes 0
Event: 0.004 Loaded shared library /home/ugrads/i/ivzap/documents/JDK_Research/jdk11u/build/linux-x86_64-normal-server-release/jdk/lib/libzip.so


Dynamic libraries:
e0000000-e0aa0000 rw-p 00000000 00:00 0 
e0aa0000-eaaa0000 ---p 00000000 00:00 0 
eaaa0000-ec000000 rw-p 00000000 00:00 0 
ec000000-100000000 ---p 00000000 00:00 0 
100000000-100060000 rw-p 00000000 00:00 0 
100060000-140000000 ---p 00000000 00:00 0 
556a59a18000-556a59a19000 r--p 00000000 fd:02 16123593                   /home/ugrads/i/ivzap/documents/JDK_Research/jdk11u/build/linux-x86_64-normal-server-release/jdk/bin/java
556a59a19000-556a59a1a000 r-xp 00001000 fd:02 16123593                   /home/ugrads/i/ivzap/documents/JDK_Research/jdk11u/build/linux-x86_64-normal-server-release/jdk/bin/java
556a59a1a000-556a59a1b000 r--p 00002000 fd:02 16123593                   /home/ugrads/i/ivzap/documents/JDK_Research/jdk11u/build/linux-x86_64-normal-server-release/jdk/bin/java
556a59a1b000-556a59a1c000 r--p 00002000 fd:02 16123593                   /home/ugrads/i/ivzap/documents/JDK_Research/jdk11u/build/linux-x86_64-normal-server-release/jdk/bin/java
556a59a1c000-556a59a1d000 rw-p 00003000 fd:02 16123593                   /home/ugrads/i/ivzap/documents/JDK_Research/jdk11u/build/linux-x86_64-normal-server-release/jdk/bin/java
556a5b8df000-556a5b900000 rw-p 00000000 00:00 0                          [heap]
7fd5602d1000-7fd560bbe000 rw-p 00000000 00:00 0 
7fd560bbe000-7fd560fbe000 ---p 00000000 00:00 0 
7fd560fbe000-7fd561000000 rw-p 00000000 00:00 0 
7fd561000000-7fd561270000 rwxp 00000000 00:00 0 
7fd561270000-7fd561b9a000 ---p 00000000 00:00 0 
7fd561b9a000-7fd561e0a000 rwxp 00000000 00:00 0 
7fd561e0a000-7fd570000000 ---p 00000000 00:00 0 
7fd570000000-7fd570071000 rw-p 00000000 00:00 0 
7fd570071000-7fd574000000 ---p 00000000 00:00 0 
7fd574019000-7fd574024000 rw-p 00000000 00:00 0 
7fd574024000-7fd5740c4000 ---p 00000000 00:00 0 
7fd5740c4000-7fd5740ca000 rw-p 00000000 00:00 0 
7fd5740ca000-7fd574119000 ---p 00000000 00:00 0 
7fd574119000-7fd574124000 rw-p 00000000 00:00 0 
7fd574124000-7fd5741c4000 ---p 00000000 00:00 0 
7fd5741c4000-7fd5741ca000 rw-p 00000000 00:00 0 
7fd5741ca000-7fd57438e000 ---p 00000000 00:00 0 
7fd57438e000-7fd574393000 rw-p 00000000 00:00 0 
7fd574393000-7fd5743a6000 ---p 00000000 00:00 0 
7fd5743a6000-7fd5743a8000 r--p 00000000 fd:02 15337348                   /home/ugrads/i/ivzap/documents/JDK_Research/jdk11u/build/linux-x86_64-normal-server-release/jdk/lib/libzip.so
7fd5743a8000-7fd5743ad000 r-xp 00002000 fd:02 15337348                   /home/ugrads/i/ivzap/documents/JDK_Research/jdk11u/build/linux-x86_64-normal-server-release/jdk/lib/libzip.so
7fd5743ad000-7fd5743af000 r--p 00007000 fd:02 15337348                   /home/ugrads/i/ivzap/documents/JDK_Research/jdk11u/build/linux-x86_64-normal-server-release/jdk/lib/libzip.so
7fd5743af000-7fd5743b0000 r--p 00008000 fd:02 15337348                   /home/ugrads/i/ivzap/documents/JDK_Research/jdk11u/build/linux-x86_64-normal-server-release/jdk/lib/libzip.so
7fd5743b0000-7fd5743b1000 rw-p 00009000 fd:02 15337348                   /home/ugrads/i/ivzap/documents/JDK_Research/jdk11u/build/linux-x86_64-normal-server-release/jdk/lib/libzip.so
7fd5743b1000-7fd5743b9000 rw-s 00000000 fd:01 394436                     /tmp/hsperfdata_ivzap/3054166
7fd5743b9000-7fd5743ee000 r--s 00000000 fd:01 19088                      /var/cache/nscd/passwd
7fd5743ee000-7fd5743ef000 ---p 00000000 00:00 0 
7fd5743ef000-7fd5743f0000 r--p 00000000 00:00 0 
7fd5743f0000-7fd5743f4000 r--p 00000000 fd:02 15337351                   /home/ugrads/i/ivzap/documents/JDK_Research/jdk11u/build/linux-x86_64-normal-server-release/jdk/lib/libjimage.so
7fd5743f4000-7fd574408000 r-xp 00004000 fd:02 15337351                   /home/ugrads/i/ivzap/documents/JDK_Research/jdk11u/build/linux-x86_64-normal-server-release/jdk/lib/libjimage.so
7fd574408000-7fd57440e000 r--p 00018000 fd:02 15337351                   /home/ugrads/i/ivzap/documents/JDK_Research/jdk11u/build/linux-x86_64-normal-server-release/jdk/lib/libjimage.so
7fd57440e000-7fd574410000 r--p 0001d000 fd:02 15337351                   /home/ugrads/i/ivzap/documents/JDK_Research/jdk11u/build/linux-x86_64-normal-server-release/jdk/lib/libjimage.so
7fd574410000-7fd574411000 rw-p 0001f000 fd:02 15337351                   /home/ugrads/i/ivzap/documents/JDK_Research/jdk11u/build/linux-x86_64-normal-server-release/jdk/lib/libjimage.so
7fd574411000-7fd57441f000 r--p 00000000 fd:02 15337343                   /home/ugrads/i/ivzap/documents/JDK_Research/jdk11u/build/linux-x86_64-normal-server-release/jdk/lib/libjava.so
7fd57441f000-7fd574436000 r-xp 0000e000 fd:02 15337343                   /home/ugrads/i/ivzap/documents/JDK_Research/jdk11u/build/linux-x86_64-normal-server-release/jdk/lib/libjava.so
7fd574436000-7fd57443d000 r--p 00025000 fd:02 15337343                   /home/ugrads/i/ivzap/documents/JDK_Research/jdk11u/build/linux-x86_64-normal-server-release/jdk/lib/libjava.so
7fd57443d000-7fd57443e000 r--p 0002b000 fd:02 15337343                   /home/ugrads/i/ivzap/documents/JDK_Research/jdk11u/build/linux-x86_64-normal-server-release/jdk/lib/libjava.so
7fd57443e000-7fd57443f000 rw-p 0002c000 fd:02 15337343                   /home/ugrads/i/ivzap/documents/JDK_Research/jdk11u/build/linux-x86_64-normal-server-release/jdk/lib/libjava.so
7fd57443f000-7fd574440000 rw-p 00000000 00:00 0 
7fd574440000-7fd574442000 r--p 00000000 fd:01 1841064                    /usr/lib/x86_64-linux-gnu/librt-2.31.so
7fd574442000-7fd574446000 r-xp 00002000 fd:01 1841064                    /usr/lib/x86_64-linux-gnu/librt-2.31.so
7fd574446000-7fd574448000 r--p 00006000 fd:01 1841064                    /usr/lib/x86_64-linux-gnu/librt-2.31.so
7fd574448000-7fd574449000 r--p 00007000 fd:01 1841064                    /usr/lib/x86_64-linux-gnu/librt-2.31.so
7fd574449000-7fd57444a000 rw-p 00008000 fd:01 1841064                    /usr/lib/x86_64-linux-gnu/librt-2.31.so
7fd57444a000-7fd57444e000 ---p 00000000 00:00 0 
7fd57444e000-7fd57454b000 rw-p 00000000 00:00 0 
7fd57454b000-7fd574558000 r--p 00000000 fd:01 1841051                    /usr/lib/x86_64-linux-gnu/libm-2.31.so
7fd574558000-7fd5745ff000 r-xp 0000d000 fd:01 1841051                    /usr/lib/x86_64-linux-gnu/libm-2.31.so
7fd5745ff000-7fd574698000 r--p 000b4000 fd:01 1841051                    /usr/lib/x86_64-linux-gnu/libm-2.31.so
7fd574698000-7fd574699000 r--p 0014c000 fd:01 1841051                    /usr/lib/x86_64-linux-gnu/libm-2.31.so
7fd574699000-7fd57469a000 rw-p 0014d000 fd:01 1841051                    /usr/lib/x86_64-linux-gnu/libm-2.31.so
7fd57469a000-7fd574925000 r--p 00000000 fd:02 15337335                   /home/ugrads/i/ivzap/documents/JDK_Research/jdk11u/build/linux-x86_64-normal-server-release/jdk/lib/server/libjvm.so
7fd574925000-7fd5755cc000 r-xp 0028b000 fd:02 15337335                   /home/ugrads/i/ivzap/documents/JDK_Research/jdk11u/build/linux-x86_64-normal-server-release/jdk/lib/server/libjvm.so
7fd5755cc000-7fd575845000 r--p 00f32000 fd:02 15337335                   /home/ugrads/i/ivzap/documents/JDK_Research/jdk11u/build/linux-x86_64-normal-server-release/jdk/lib/server/libjvm.so
7fd575845000-7fd575846000 ---p 011ab000 fd:02 15337335                   /home/ugrads/i/ivzap/documents/JDK_Research/jdk11u/build/linux-x86_64-normal-server-release/jdk/lib/server/libjvm.so
7fd575846000-7fd57590e000 r--p 011ab000 fd:02 15337335                   /home/ugrads/i/ivzap/documents/JDK_Research/jdk11u/build/linux-x86_64-normal-server-release/jdk/lib/server/libjvm.so
7fd57590e000-7fd575948000 rw-p 01273000 fd:02 15337335                   /home/ugrads/i/ivzap/documents/JDK_Research/jdk11u/build/linux-x86_64-normal-server-release/jdk/lib/server/libjvm.so
7fd575948000-7fd5759a4000 rw-p 00000000 00:00 0 
7fd5759a4000-7fd5759aa000 r--p 00000000 fd:01 1841062                    /usr/lib/x86_64-linux-gnu/libpthread-2.31.so
7fd5759aa000-7fd5759bb000 r-xp 00006000 fd:01 1841062                    /usr/lib/x86_64-linux-gnu/libpthread-2.31.so
7fd5759bb000-7fd5759c1000 r--p 00017000 fd:01 1841062                    /usr/lib/x86_64-linux-gnu/libpthread-2.31.so
7fd5759c1000-7fd5759c2000 r--p 0001c000 fd:01 1841062                    /usr/lib/x86_64-linux-gnu/libpthread-2.31.so
7fd5759c2000-7fd5759c3000 rw-p 0001d000 fd:01 1841062                    /usr/lib/x86_64-linux-gnu/libpthread-2.31.so
7fd5759c3000-7fd5759c7000 rw-p 00000000 00:00 0 
7fd5759c7000-7fd5759c8000 r--p 00000000 fd:01 1841050                    /usr/lib/x86_64-linux-gnu/libdl-2.31.so
7fd5759c8000-7fd5759ca000 r-xp 00001000 fd:01 1841050                    /usr/lib/x86_64-linux-gnu/libdl-2.31.so
7fd5759ca000-7fd5759cb000 r--p 00003000 fd:01 1841050                    /usr/lib/x86_64-linux-gnu/libdl-2.31.so
7fd5759cb000-7fd5759cc000 r--p 00003000 fd:01 1841050                    /usr/lib/x86_64-linux-gnu/libdl-2.31.so
7fd5759cc000-7fd5759cd000 rw-p 00004000 fd:01 1841050                    /usr/lib/x86_64-linux-gnu/libdl-2.31.so
7fd5759cd000-7fd5759cf000 r--p 00000000 fd:01 1836598                    /usr/lib/x86_64-linux-gnu/libz.so.1.2.11
7fd5759cf000-7fd5759e0000 r-xp 00002000 fd:01 1836598                    /usr/lib/x86_64-linux-gnu/libz.so.1.2.11
7fd5759e0000-7fd5759e6000 r--p 00013000 fd:01 1836598                    /usr/lib/x86_64-linux-gnu/libz.so.1.2.11
7fd5759e6000-7fd5759e7000 ---p 00019000 fd:01 1836598                    /usr/lib/x86_64-linux-gnu/libz.so.1.2.11
7fd5759e7000-7fd5759e8000 r--p 00019000 fd:01 1836598                    /usr/lib/x86_64-linux-gnu/libz.so.1.2.11
7fd5759e8000-7fd5759e9000 rw-p 0001a000 fd:01 1836598                    /usr/lib/x86_64-linux-gnu/libz.so.1.2.11
7fd5759e9000-7fd575a0b000 r--p 00000000 fd:01 1841049                    /usr/lib/x86_64-linux-gnu/libc-2.31.so
7fd575a0b000-7fd575b83000 r-xp 00022000 fd:01 1841049                    /usr/lib/x86_64-linux-gnu/libc-2.31.so
7fd575b83000-7fd575bd1000 r--p 0019a000 fd:01 1841049                    /usr/lib/x86_64-linux-gnu/libc-2.31.so
7fd575bd1000-7fd575bd5000 r--p 001e7000 fd:01 1841049                    /usr/lib/x86_64-linux-gnu/libc-2.31.so
7fd575bd5000-7fd575bd7000 rw-p 001eb000 fd:01 1841049                    /usr/lib/x86_64-linux-gnu/libc-2.31.so
7fd575bd7000-7fd575bdb000 rw-p 00000000 00:00 0 
7fd575bdc000-7fd575be1000 r--p 00000000 fd:02 15337337                   /home/ugrads/i/ivzap/documents/JDK_Research/jdk11u/build/linux-x86_64-normal-server-release/jdk/lib/libverify.so
7fd575be1000-7fd575be8000 r-xp 00005000 fd:02 15337337                   /home/ugrads/i/ivzap/documents/JDK_Research/jdk11u/build/linux-x86_64-normal-server-release/jdk/lib/libverify.so
7fd575be8000-7fd575bea000 r--p 0000c000 fd:02 15337337                   /home/ugrads/i/ivzap/documents/JDK_Research/jdk11u/build/linux-x86_64-normal-server-release/jdk/lib/libverify.so
7fd575bea000-7fd575beb000 ---p 0000e000 fd:02 15337337                   /home/ugrads/i/ivzap/documents/JDK_Research/jdk11u/build/linux-x86_64-normal-server-release/jdk/lib/libverify.so
7fd575beb000-7fd575bed000 r--p 0000e000 fd:02 15337337                   /home/ugrads/i/ivzap/documents/JDK_Research/jdk11u/build/linux-x86_64-normal-server-release/jdk/lib/libverify.so
7fd575bed000-7fd575bee000 rw-p 00010000 fd:02 15337337                   /home/ugrads/i/ivzap/documents/JDK_Research/jdk11u/build/linux-x86_64-normal-server-release/jdk/lib/libverify.so
7fd575bee000-7fd575bf1000 r--p 00000000 fd:02 15337340                   /home/ugrads/i/ivzap/documents/JDK_Research/jdk11u/build/linux-x86_64-normal-server-release/jdk/lib/jli/libjli.so
7fd575bf1000-7fd575bfb000 r-xp 00003000 fd:02 15337340                   /home/ugrads/i/ivzap/documents/JDK_Research/jdk11u/build/linux-x86_64-normal-server-release/jdk/lib/jli/libjli.so
7fd575bfb000-7fd575bfe000 r--p 0000d000 fd:02 15337340                   /home/ugrads/i/ivzap/documents/JDK_Research/jdk11u/build/linux-x86_64-normal-server-release/jdk/lib/jli/libjli.so
7fd575bfe000-7fd575bff000 ---p 00010000 fd:02 15337340                   /home/ugrads/i/ivzap/documents/JDK_Research/jdk11u/build/linux-x86_64-normal-server-release/jdk/lib/jli/libjli.so
7fd575bff000-7fd575c00000 r--p 00010000 fd:02 15337340                   /home/ugrads/i/ivzap/documents/JDK_Research/jdk11u/build/linux-x86_64-normal-server-release/jdk/lib/jli/libjli.so
7fd575c00000-7fd575c01000 rw-p 00011000 fd:02 15337340                   /home/ugrads/i/ivzap/documents/JDK_Research/jdk11u/build/linux-x86_64-normal-server-release/jdk/lib/jli/libjli.so
7fd575c01000-7fd575c03000 rw-p 00000000 00:00 0 
7fd575c03000-7fd575c04000 r--p 00000000 fd:01 1835888                    /usr/lib/x86_64-linux-gnu/ld-2.31.so
7fd575c04000-7fd575c27000 r-xp 00001000 fd:01 1835888                    /usr/lib/x86_64-linux-gnu/ld-2.31.so
7fd575c27000-7fd575c2f000 r--p 00024000 fd:01 1835888                    /usr/lib/x86_64-linux-gnu/ld-2.31.so
7fd575c30000-7fd575c31000 r--p 0002c000 fd:01 1835888                    /usr/lib/x86_64-linux-gnu/ld-2.31.so
7fd575c31000-7fd575c32000 rw-p 0002d000 fd:01 1835888                    /usr/lib/x86_64-linux-gnu/ld-2.31.so
7fd575c32000-7fd575c33000 rw-p 00000000 00:00 0 
7ffc7f5d0000-7ffc7f5f2000 rw-p 00000000 00:00 0                          [stack]
7ffc7f5f6000-7ffc7f5fa000 r--p 00000000 00:00 0                          [vvar]
7ffc7f5fa000-7ffc7f5fc000 r-xp 00000000 00:00 0                          [vdso]
ffffffffff600000-ffffffffff601000 --xp 00000000 00:00 0                  [vsyscall]


VM Arguments:
jvm_args: -Xms64M -Xmx1600M -XX:ThreadStackSize=1536 -XX:+UseSerialGC -Xms32M -Xmx512M -XX:TieredStopAtLevel=1 --add-exports=java.base/jdk.internal.module=ALL-UNNAMED 
java_command: build.tools.jigsaw.AddPackagesAttribute /home/ugrads/i/ivzap/documents/JDK_Research/jdk11u/build/linux-x86_64-normal-server-release/jdk
java_class_path (initial): /home/ugrads/i/ivzap/documents/JDK_Research/jdk11u/build/linux-x86_64-normal-server-release/buildtools/tools_jigsaw_classes
Launcher Type: SUN_STANDARD

[Global flags]
     intx CICompilerCount                          = 12                                        {product} {ergonomic}
   size_t InitialHeapSize                          = 33554432                                  {product} {command line}
   size_t MaxHeapSize                              = 536870912                                 {product} {command line}
   size_t MaxNewSize                               = 178913280                                 {product} {ergonomic}
   size_t MinHeapDeltaBytes                        = 196608                                    {product} {ergonomic}
   size_t NewSize                                  = 11141120                                  {product} {ergonomic}
    uintx NonNMethodCodeHeapSize                   = 12163472                               {pd product} {ergonomic}
    uintx NonProfiledCodeHeapSize                  = 239494768                              {pd product} {ergonomic}
   size_t OldSize                                  = 22413312                                  {product} {ergonomic}
    uintx ProfiledCodeHeapSize                     = 0                                      {pd product} {ergonomic}
    uintx ReservedCodeCacheSize                    = 251658240                              {pd product} {ergonomic}
     bool SegmentedCodeCache                       = true                                      {product} {ergonomic}
     intx ThreadStackSize                          = 1536                                   {pd product} {command line}
     intx TieredStopAtLevel                        = 1                                         {product} {command line}
     bool UseCompressedClassPointers               = true                                 {lp64_product} {ergonomic}
     bool UseCompressedOops                        = true                                 {lp64_product} {ergonomic}
     bool UseSerialGC                              = true                                      {product} {command line}

Logging:
Log output configuration:
 #0: stdout all=warning uptime,level,tags
 #1: stderr all=off uptime,level,tags

Environment Variables:
JAVA_HOME=/usr/lib/jvm/java-11-openjdk-amd64
PATH=/home/ugrads/i/ivzap/.vscode-server/bin/ee2b180d582a7f601fa6ecfdad8d9fd269ab1884/bin/remote-cli:/home/ugrads/i/ivzap/.local/bin:/opt/coe/bin:/home/ugrads/i/ivzap/.local/bin:/opt/coe/bin:/usr/local/sbin:/usr/local/bin:/usr/sbin:/usr/bin:/sbin:/bin:/usr/games:/usr/local/games:/snap/bin:/home/ugrads/i/ivzap/.fzf/bin
SHELL=/bin/bash
LANG=en_US.UTF-8
LC_ALL=C
TERM=xterm-256color

Signal Handlers:
SIGSEGV: [libjvm.so+0xe1bc00], sa_mask[0]=11111111011111111101111111111110, sa_flags=SA_RESTART|SA_SIGINFO
SIGBUS: [libjvm.so+0xe1bc00], sa_mask[0]=11111111011111111101111111111110, sa_flags=SA_RESTART|SA_SIGINFO
SIGFPE: [libjvm.so+0xe1bc00], sa_mask[0]=11111111011111111101111111111110, sa_flags=SA_RESTART|SA_SIGINFO
SIGPIPE: [libjvm.so+0xc107c0], sa_mask[0]=11111111011111111101111111111110, sa_flags=SA_RESTART|SA_SIGINFO
SIGXFSZ: [libjvm.so+0xc107c0], sa_mask[0]=11111111011111111101111111111110, sa_flags=SA_RESTART|SA_SIGINFO
SIGILL: [libjvm.so+0xe1bc00], sa_mask[0]=11111111011111111101111111111110, sa_flags=SA_RESTART|SA_SIGINFO
SIGUSR2: [libjvm.so+0xc10660], sa_mask[0]=00000000000000000000000000000000, sa_flags=SA_RESTART|SA_SIGINFO
SIGHUP: SIG_DFL, sa_mask[0]=00000000000000000000000000000000, sa_flags=none
SIGINT: SIG_DFL, sa_mask[0]=00000000000000000000000000000000, sa_flags=none
SIGTERM: SIG_DFL, sa_mask[0]=00000000000000000000000000000000, sa_flags=none
SIGQUIT: SIG_DFL, sa_mask[0]=00000000000000000000000000000000, sa_flags=none


---------------  S Y S T E M  ---------------

OS:DISTRIB_ID=Ubuntu
DISTRIB_RELEASE=20.04
DISTRIB_CODENAME=focal
DISTRIB_DESCRIPTION="Ubuntu 20.04.5 LTS"
uname:Linux 5.15.0-56-generic #62~20.04.1-Ubuntu SMP Tue Nov 22 21:24:20 UTC 2022 x86_64
OS uptime: 102 days 1:08 hours
libc:glibc 2.31 NPTL 2.31 
rlimit (soft/hard): STACK 8192k/infinity , CORE 0k/infinity , NPROC 62225/62225 , NOFILE 1048576/1048576 , AS infinity/infinity , CPU infinity/infinity , DATA infinity/infinity , FSIZE infinity/infinity , MEMLOCK 65536k/65536k
load average:11.98 11.90 7.81

/proc/meminfo:
MemTotal:       16065400 kB
MemFree:         3133152 kB
MemAvailable:    6370680 kB
Buffers:          121224 kB
Cached:          3178668 kB
SwapCached:       168584 kB
Active:          1593044 kB
Inactive:       10252868 kB
Active(anon):     569168 kB
Inactive(anon):  8041768 kB
Active(file):    1023876 kB
Inactive(file):  2211100 kB
Unevictable:       26440 kB
Mlocked:              64 kB
SwapTotal:       8040444 kB
SwapFree:            232 kB
Dirty:            355404 kB
Writeback:             0 kB
AnonPages:       8404276 kB
Mapped:           136560 kB
Shmem:             64908 kB
KReclaimable:     345200 kB
Slab:             599504 kB
SReclaimable:     345200 kB
SUnreclaim:       254304 kB
KernelStack:       42400 kB
PageTables:        95140 kB
NFS_Unstable:          0 kB
Bounce:                0 kB
WritebackTmp:          0 kB
CommitLimit:    16073144 kB
Committed_AS:   23541088 kB
VmallocTotal:   34359738367 kB
VmallocUsed:      109672 kB
VmallocChunk:          0 kB
Percpu:            44064 kB
HardwareCorrupted:     0 kB
AnonHugePages:         0 kB
ShmemHugePages:        0 kB
ShmemPmdMapped:        0 kB
FileHugePages:         0 kB
FilePmdMapped:         0 kB
HugePages_Total:       0
HugePages_Free:        0
HugePages_Rsvd:        0
HugePages_Surp:        0
Hugepagesize:       2048 kB
Hugetlb:               0 kB
DirectMap4k:     1111156 kB
DirectMap2M:    11153408 kB
DirectMap1G:     5242880 kB

/sys/kernel/mm/transparent_hugepage/enabled:
always [madvise] never
/sys/kernel/mm/transparent_hugepage/defrag (defrag/compaction efforts parameter):
always defer defer+madvise [madvise] never

Process Memory:
Virtual Size: 1926740K (peak: 1926740K)
Resident Set Size: 31156K (peak: 31156K) (anon: 18004K, file: 13152K, shmem: 0K)
Swapped out: 0K
C-Heap outstanding allocations: 5849K, retained: 66K
glibc malloc tunables: (default)

/proc/sys/kernel/threads-max (system-wide limit on the number of threads):
124451
/proc/sys/vm/max_map_count (maximum number of memory map areas a process may have):
65530
/proc/sys/kernel/pid_max (system-wide limit on number of process identifiers):
4194304

container (cgroup) information:
container_type: cgroupv1
cpu_cpuset_cpus: 0-19
cpu_memory_nodes: 0
active_processor_count: 20
cpu_quota: no quota
cpu_period: 100000
cpu_shares: no shares
memory_limit_in_bytes: unlimited
memory_and_swap_limit_in_bytes: unlimited
memory_soft_limit_in_bytes: unlimited
memory_usage_in_bytes: 8538768 k
memory_max_usage_in_bytes: 11607748 k
kernel_memory_usage_in_bytes: 252960 k
kernel_memory_max_usage_in_bytes: unlimited
kernel_memory_limit_in_bytes: 357312 k
maximum number of tasks: unlimited
current number of tasks: 250

Steal ticks since vm start: 0
Steal ticks percentage since vm start:  0.000

CPU:total 20 (initial active 20) (10 cores per cpu, 2 threads per core) family 6 model 151 stepping 2 microcode 0x22, cmov, cx8, fxsr, mmx, sse, sse2, sse3, ssse3, sse4.1, sse4.2, popcnt, avx, avx2, aes, clmul, erms, 3dnowpref, lzcnt, ht, tsc, tscinvbit, bmi1, bmi2, adx, sha, fma
CPU Model and flags from /proc/cpuinfo:
model name	: 12th Gen Intel(R) Core(TM) i7-12700
flags		: fpu vme de pse tsc msr pae mce cx8 apic sep mtrr pge mca cmov pat pse36 clflush dts acpi mmx fxsr sse sse2 ss ht tm pbe syscall nx pdpe1gb rdtscp lm constant_tsc art arch_perfmon pebs bts rep_good nopl xtopology nonstop_tsc cpuid aperfmperf tsc_known_freq pni pclmulqdq dtes64 monitor ds_cpl vmx smx est tm2 ssse3 sdbg fma cx16 xtpr pdcm pcid sse4_1 sse4_2 x2apic movbe popcnt tsc_deadline_timer aes xsave avx f16c rdrand lahf_lm abm 3dnowprefetch cpuid_fault epb invpcid_single ssbd ibrs ibpb stibp ibrs_enhanced tpr_shadow vnmi flexpriority ept vpid ept_ad fsgsbase tsc_adjust bmi1 avx2 smep bmi2 erms invpcid rdseed adx smap clflushopt clwb intel_pt sha_ni xsaveopt xsavec xgetbv1 xsaves split_lock_detect avx_vnni dtherm ida arat pln pts hwp hwp_notify hwp_act_window hwp_epp hwp_pkg_req umip pku ospke waitpkg gfni vaes vpclmulqdq tme rdpid movdiri movdir64b fsrm md_clear serialize pconfig arch_lbr flush_l1d arch_capabilities
Online cpus:
0-19
Offline cpus:

BIOS frequency limitation:
<Not Available>
Frequency switch latency (ns):
0
Available cpu frequencies:
<Not Available>
Current governor:
powersave
Core performance/turbo boost:
<Not Available>

Memory: 4k page, physical 16065400k(3132904k free), swap 8040444k(232k free)

vm_info: OpenJDK 64-Bit Server VM (11.0.19-internal+0-adhoc.ivzap.jdk11u) for linux-amd64 JRE (11.0.19-internal+0-adhoc.ivzap.jdk11u), built on Mar 31 2023 21:24:50 by "ivzap" with gcc 9.4.0

END.
